This is pdfTeX, Version 3.1415926-1.40.10 (TeX Live 2009/Debian) (format=latex 2011.10.18)  24 JAN 2012 14:57
entering extended mode
 %&-line parsing enabled.
**./images.tex
(./images.tex
LaTeX2e <2009/09/24>
Babel <v3.8l> and hyphenation patterns for english, usenglishmax, dumylang, noh
yphenation, danish, loaded.

(/usr/share/texmf-texlive/tex/latex/base/article.cls
Document Class: article 2007/10/19 v1.4h Standard LaTeX document class
(/usr/share/texmf-texlive/tex/latex/base/size10.clo
File: size10.clo 2007/10/19 v1.4h Standard LaTeX file (size option)
)
\c@part=\count79
\c@section=\count80
\c@subsection=\count81
\c@subsubsection=\count82
\c@paragraph=\count83
\c@subparagraph=\count84
\c@figure=\count85
\c@table=\count86
\abovecaptionskip=\skip41
\belowcaptionskip=\skip42
\bibindent=\dimen102
) (/usr/share/texmf-texlive/tex/latex/base/ifthen.sty
Package: ifthen 2001/05/26 v1.1c Standard LaTeX ifthen package (DPC)
) (/usr/share/texmf-texlive/tex/latex/amsmath/amsmath.sty
Package: amsmath 2000/07/18 v2.13 AMS math features
\@mathmargin=\skip43
For additional information on amsmath, use the `?' option.
(/usr/share/texmf-texlive/tex/latex/amsmath/amstext.sty
Package: amstext 2000/06/29 v2.01
(/usr/share/texmf-texlive/tex/latex/amsmath/amsgen.sty
File: amsgen.sty 1999/11/30 v2.0
\@emptytoks=\toks14
\ex@=\dimen103
)) (/usr/share/texmf-texlive/tex/latex/amsmath/amsbsy.sty
Package: amsbsy 1999/11/29 v1.2d
\pmbraise@=\dimen104
) (/usr/share/texmf-texlive/tex/latex/amsmath/amsopn.sty
Package: amsopn 1999/12/14 v2.01 operator names
)
\inf@bad=\count87
LaTeX Info: Redefining \frac on input line 211.
\uproot@=\count88
\leftroot@=\count89
LaTeX Info: Redefining \overline on input line 307.
\classnum@=\count90
\DOTSCASE@=\count91
LaTeX Info: Redefining \ldots on input line 379.
LaTeX Info: Redefining \dots on input line 382.
LaTeX Info: Redefining \cdots on input line 467.
\Mathstrutbox@=\box26
\strutbox@=\box27
\big@size=\dimen105
LaTeX Font Info:    Redeclaring font encoding OML on input line 567.
LaTeX Font Info:    Redeclaring font encoding OMS on input line 568.
\macc@depth=\count92
\c@MaxMatrixCols=\count93
\dotsspace@=\muskip10
\c@parentequation=\count94
\dspbrk@lvl=\count95
\tag@help=\toks15
\row@=\count96
\column@=\count97
\maxfields@=\count98
\andhelp@=\toks16
\eqnshift@=\dimen106
\alignsep@=\dimen107
\tagshift@=\dimen108
\tagwidth@=\dimen109
\totwidth@=\dimen110
\lineht@=\dimen111
\@envbody=\toks17
\multlinegap=\skip44
\multlinetaggap=\skip45
\mathdisplay@stack=\toks18
LaTeX Info: Redefining \[ on input line 2666.
LaTeX Info: Redefining \] on input line 2667.
) (/usr/share/texmf-texlive/tex/latex/amsfonts/amsfonts.sty
Package: amsfonts 2009/06/22 v3.00 Basic AMSFonts support
\symAMSa=\mathgroup4
\symAMSb=\mathgroup5
LaTeX Font Info:    Overwriting math alphabet `\mathfrak' in version `bold'
(Font)                  U/euf/m/n --> U/euf/b/n on input line 96.
) (/usr/share/texmf-texlive/tex/latex/amsfonts/amssymb.sty
Package: amssymb 2009/06/22 v3.00
) (/usr/share/texmf-texlive/tex/latex/base/latexsym.sty
Package: latexsym 1998/08/17 v2.2e Standard LaTeX package (lasy symbols)
\symlasy=\mathgroup6
LaTeX Font Info:    Overwriting symbol font `lasy' in version `bold'
(Font)                  U/lasy/m/n --> U/lasy/b/n on input line 47.
) (/usr/share/texmf-texlive/tex/latex/natbib/natbib.sty
Package: natbib 2009/07/16 8.31 (PWD, AO)
\bibhang=\skip46
\bibsep=\skip47
LaTeX Info: Redefining \cite on input line 694.
\c@NAT@ctr=\count99
) (/usr/share/texmf-texlive/tex/latex/graphics/graphics.sty
Package: graphics 2009/02/05 v1.0o Standard LaTeX Graphics (DPC,SPQR)
(/usr/share/texmf-texlive/tex/latex/graphics/trig.sty
Package: trig 1999/03/16 v1.09 sin cos tan (DPC)
) (/etc/texmf/tex/latex/config/graphics.cfg
File: graphics.cfg 2009/08/28 v1.8 graphics configuration of TeX Live
)
Package graphics Info: Driver file: dvips.def on input line 91.
(/usr/share/texmf-texlive/tex/latex/graphics/dvips.def
File: dvips.def 1999/02/16 v3.0i Driver-dependant file (DPC,SPQR)
)) (/usr/share/texmf-texlive/tex/latex/graphics/color.sty
Package: color 2005/11/14 v1.0j Standard LaTeX Color (DPC)
(/etc/texmf/tex/latex/config/color.cfg
File: color.cfg 2007/01/18 v1.5 color configuration of teTeX/TeXLive
)
Package color Info: Driver file: dvips.def on input line 130.
(/usr/share/texmf-texlive/tex/latex/graphics/dvipsnam.def
File: dvipsnam.def 1999/02/16 v3.0i Driver-dependant file (DPC,SPQR)
)) (/usr/share/texmf-texlive/tex/latex/base/inputenc.sty
Package: inputenc 2008/03/30 v1.1d Input encoding file
\inpenc@prehook=\toks19
\inpenc@posthook=\toks20
(/usr/share/texmf-texlive/tex/latex/base/latin1.def
File: latin1.def 2008/03/30 v1.1d Input encoding file
))
\sizebox=\box28
\lthtmlwrite=\write3
(./images.aux (/home/kb/GOTM/gotm-git/doc/introduction.aux) (/home/kb/GOTM/gotm
-git/doc/mainIntro.aux) (/home/kb/GOTM/gotm-git/doc/gotm.aux) (/home/kb/GOTM/go
tm-git/doc/meanflowIntro.aux) (/home/kb/GOTM/gotm-git/doc/meanflow.aux) (/home/
kb/GOTM/gotm-git/doc/turbulenceIntro.aux) (/home/kb/GOTM/gotm-git/doc/turbulenc
e.aux) (/home/kb/GOTM/gotm-git/doc/airseaIntro.aux) (/home/kb/GOTM/gotm-git/doc
/airsea.aux) (/home/kb/GOTM/gotm-git/doc/observationsIntro.aux) (/home/kb/GOTM/
gotm-git/doc/observations.aux) (/home/kb/GOTM/gotm-git/doc/outputIntro.aux) (/h
ome/kb/GOTM/gotm-git/doc/output.aux) (/home/kb/GOTM/gotm-git/doc/utilIntro.aux)
(/home/kb/GOTM/gotm-git/doc/util.aux

LaTeX Warning: Label `sec:lagrange' multiply defined.

) (/home/kb/GOTM/gotm-git/doc/bioIntro.aux) (/home/kb/GOTM/gotm-git/doc/bio.aux
) (/home/kb/GOTM/gotm-git/doc/extraIntro.aux) (/home/kb/GOTM/gotm-git/doc/sedim
ent.aux) (/home/kb/GOTM/gotm-git/doc/seagrass.aux) (/home/kb/GOTM/gotm-git/doc/
guiIntro.aux) (/home/kb/GOTM/gotm-git/doc/cases.aux))
\openout1 = `images.aux'.

LaTeX Font Info:    Checking defaults for OML/cmm/m/it on input line 206.
LaTeX Font Info:    ... okay on input line 206.
LaTeX Font Info:    Checking defaults for T1/cmr/m/n on input line 206.
LaTeX Font Info:    ... okay on input line 206.
LaTeX Font Info:    Checking defaults for OT1/cmr/m/n on input line 206.
LaTeX Font Info:    ... okay on input line 206.
LaTeX Font Info:    Checking defaults for OMS/cmsy/m/n on input line 206.
LaTeX Font Info:    ... okay on input line 206.
LaTeX Font Info:    Checking defaults for OMX/cmex/m/n on input line 206.
LaTeX Font Info:    ... okay on input line 206.
LaTeX Font Info:    Checking defaults for U/cmr/m/n on input line 206.
LaTeX Font Info:    ... okay on input line 206.

latex2htmlLength hsize=349.0pt

latex2htmlLength vsize=682.0pt

latex2htmlLength hoffset=0.0pt

latex2htmlLength voffset=0.0pt

latex2htmlLength topmargin=0.0pt

latex2htmlLength topskip=0.00003pt

latex2htmlLength headheight=0.0pt

latex2htmlLength headsep=0.0pt

latex2htmlLength parskip=0.0pt plus 1.0pt

latex2htmlLength oddsidemargin=13.08827pt

latex2htmlLength evensidemargin=13.08827pt

LaTeX Font Info:    Try loading font information for U+msa on input line 230.
(/usr/share/texmf-texlive/tex/latex/amsfonts/umsa.fd
File: umsa.fd 2009/06/22 v3.00 AMS symbols A
)
LaTeX Font Info:    Try loading font information for U+msb on input line 230.
(/usr/share/texmf-texlive/tex/latex/amsfonts/umsb.fd
File: umsb.fd 2009/06/22 v3.00 AMS symbols B
)
LaTeX Font Info:    Try loading font information for U+lasy on input line 230.
(/usr/share/texmf-texlive/tex/latex/base/ulasy.fd
File: ulasy.fd 1998/08/17 v2.2e LaTeX symbol font definitions
)
l2hSize :tex2html_wrap_inline22754:6.45831pt::0.0pt::32.68398pt.
[1



]
l2hSize :tex2html_wrap_inline24722:6.45831pt::0.0pt::32.37265pt.
[2


]
l2hSize :tex2html_wrap_inline24724:7.44444pt::7.44444pt::39.59373pt.
[3


]
l2hSize :tex2html_wrap_inline24726:8.64003pt::8.64003pt::48.56488pt.
[4


]
l2hSize :tex2html_wrap_inline24728:6.95831pt::6.95831pt::36.63548pt.
[5


]
l2hSize :tex2html_wrap_inline24736:6.95831pt::6.95831pt::5.53128pt.
[6


]
l2hSize :tex2html_wrap_inline24738:6.45831pt::0.0pt::6.50238pt.
[7


]
l2hSize :tex2html_wrap_inline24740:6.45831pt::0.0pt::9.28017pt.
[8


]
LaTeX Font Info:    Font shape `U/lasy/b/n' in size <7> not available
(Font)              Font shape `U/lasy/m/n' tried instead on input line 278.
LaTeX Font Info:    Font shape `U/lasy/b/n' in size <5> not available
(Font)              Font shape `U/lasy/m/n' tried instead on input line 278.
l2hSize :tex2html_wrap_inline26707:6.45831pt::0.0pt::3.69446pt.
[9


]
File: figures/mixerA.eps Graphic file (type eps)
<figures/mixerA.eps>
l2hSize :tex2html_wrap362:232.47086pt::0.0pt::349.0pt.
[10


]
l2hSize :tex2html_wrap_inline26732:6.83331pt::0.0pt::8.41806pt.
[11


]
l2hSize :tex2html_wrap_inline26734:6.83331pt::0.0pt::8.55559pt.
[12


]
l2hSize :tex2html_wrap_inline26736:6.83331pt::0.0pt::8.27783pt.
[13


]
l2hSize :tex2html_wrap_inline26738:6.83331pt::0.0pt::8.58684pt.
[14


]
l2hSize :tex2html_wrap_inline26740:6.83331pt::0.0pt::7.20834pt.
[15


]
l2hSize :tex2html_wrap_inline26742:7.44444pt::7.44444pt::6.45837pt.
[16


]
l2hSize :tex2html_wrap_indisplay26744:8.51782pt::8.51782pt::70.06929pt.
[17


]
l2hSize :tex2html_wrap_inline26746:8.0pt::8.0pt::16.81364pt.
[18


]
l2hSize :displaymath26748:79.0pt::0.0pt::349.0pt.
[19


]
l2hSize :tex2html_wrap_inline26751:6.45831pt::0.0pt::5.59033pt.
[20


]
l2hSize :tex2html_wrap_inline26753:7.44444pt::7.44444pt::15.95665pt.
[21


]
l2hSize :tex2html_wrap_inline26755:7.44444pt::7.44444pt::15.72867pt.
[22


]
l2hSize :tex2html_wrap_inline26773:6.45831pt::0.0pt::26.26152pt.
[23


]
l2hSize :tex2html_wrap_inline26775:7.44444pt::7.44444pt::35.20424pt.
[24


]
l2hSize :tex2html_wrap_inline26777:6.94444pt::0.0pt::4.79169pt.
[25


]
l2hSize :tex2html_wrap_inline26779:6.83331pt::0.0pt::9.625pt.
[26


]
l2hSize :tex2html_wrap_inline26781:6.45831pt::0.0pt::6.57294pt.
[27


]
l2hSize :tex2html_wrap_inline26784:7.33331pt::7.33331pt::11.86403pt.
[28


]
l2hSize :tex2html_wrap_inline26786:7.44444pt::7.44444pt::9.5909pt.
[29


]
l2hSize :tex2html_wrap_indisplay26788:8.0pt::8.0pt::174.09471pt.
[30


]
l2hSize :tex2html_wrap_inline26790:6.95831pt::6.95831pt::9.00662pt.
[31


]
l2hSize :tex2html_wrap_inline26792:6.95831pt::6.95831pt::36.2745pt.
[32


]
l2hSize :tex2html_wrap_inline26794:6.95831pt::6.95831pt::41.08258pt.
[33


]
l2hSize :tex2html_wrap_inline26796:6.95831pt::6.95831pt::34.01248pt.
[34


]
l2hSize :tex2html_wrap_inline26806:6.94444pt::0.0pt::6.02087pt.
[35


]
l2hSize :tex2html_wrap_inline26808:6.83331pt::0.0pt::7.3056pt.
[36


]
l2hSize :tex2html_wrap_inline26810:6.45831pt::0.0pt::4.55907pt.
[37


]
l2hSize :tex2html_wrap_inline26812:6.95831pt::6.95831pt::8.9607pt.
[38


]
l2hSize :tex2html_wrap_inline26814:8.01782pt::8.01782pt::8.9607pt.
[39


]
l2hSize :tex2html_wrap_inline26818:6.83331pt::0.0pt::8.30907pt.
[40


]
l2hSize :tex2html_wrap_inline26820:6.83331pt::0.0pt::8.36252pt.
[41


]
l2hSize :tex2html_wrap_inline26822:6.95831pt::6.95831pt::10.18991pt.
[42


]
l2hSize :tex2html_wrap_inline26824:8.01782pt::8.01782pt::10.18991pt.
[43


]
l2hSize :tex2html_wrap_inline26826:7.33331pt::7.33331pt::48.08679pt.
[44


]
l2hSize :tex2html_wrap_inline26828:7.33331pt::7.33331pt::48.08679pt.
[45


]
File: figures/gridvert.eps Graphic file (type eps)
<figures/gridvert.eps>
l2hSize :tex2html_wrap1242:174.6525pt::0.0pt::349.0pt.
[46


]
File: figures/gridtime.eps Graphic file (type eps)
<figures/gridtime.eps>
l2hSize :tex2html_wrap1246:78.79437pt::0.0pt::349.0pt.
[47


]
l2hSize :tex2html_wrap_indisplay26848:15.0001pt::15.0001pt::116.59909pt.
[48


]
l2hSize :tex2html_wrap_indisplay26850:14.20952pt::14.20952pt::47.44852pt.
[49


]
l2hSize :tex2html_wrap_indisplay26851:7.44444pt::7.44444pt::46.81422pt.
[50


]
l2hSize :tex2html_wrap_indisplay26853:14.20952pt::14.20952pt::47.19086pt.
[51


]
l2hSize :tex2html_wrap_indisplay26854:7.33331pt::7.33331pt::58.04858pt.
[52


]
l2hSize :tex2html_wrap_indisplay26856:26.70676pt::26.70676pt::212.69609pt.
[53


]
l2hSize :tex2html_wrap_indisplay26858:24.9866pt::24.9866pt::267.3133pt.
[54


]
l2hSize :tex2html_wrap_indisplay26860:23.0976pt::23.0976pt::197.86397pt.
[55


]
l2hSize :tex2html_wrap_inline26862:7.33331pt::7.33331pt::46.97562pt.
[56


]
l2hSize :tex2html_wrap_indisplay26864:9.14003pt::9.14003pt::130.66628pt.
[57


]
l2hSize :tex2html_wrap_inline26866:6.45831pt::0.0pt::24.90617pt.
[58


]
l2hSize :tex2html_wrap_inline26868:6.45831pt::0.0pt::24.90617pt.
[59


]
l2hSize :tex2html_wrap_inline26870:6.45831pt::0.0pt::32.68398pt.
[60


]
l2hSize :tex2html_wrap_inline26882:7.44444pt::7.44444pt::10.93295pt.
[61


]
l2hSize :tex2html_wrap_inline26884:7.44444pt::7.44444pt::8.77435pt.
[62


]
l2hSize :tex2html_wrap_indisplay26886:16.69841pt::16.69841pt::214.55966pt.
[63


]
l2hSize :tex2html_wrap_inline26888:7.44444pt::7.44444pt::50.87373pt.
[64


]
l2hSize :tex2html_wrap_inline26890:7.44444pt::7.44444pt::60.31816pt.
[65


]
l2hSize :tex2html_wrap_inline26892:7.44444pt::7.44444pt::60.31816pt.
[66


]
l2hSize :tex2html_wrap_inline26894:7.44444pt::7.44444pt::60.31816pt.
[67


]
l2hSize :tex2html_wrap_inline26897:6.95831pt::6.95831pt::22.7222pt.
[68


]
l2hSize :tex2html_wrap_inline26899:7.44444pt::7.44444pt::18.41676pt.
[69


]
l2hSize :tex2html_wrap_inline26901:8.0pt::8.0pt::27.5847pt.
[70


]
l2hSize :tex2html_wrap_inline26904:6.45831pt::0.0pt::6.2153pt.
[71


]
l2hSize :tex2html_wrap_indisplay26906:16.50012pt::16.50012pt::295.59697pt.
[72


]
l2hSize :tex2html_wrap_inline26908:9.20636pt::0.0pt::8.41806pt.
[73


]
l2hSize :tex2html_wrap_inline26912:7.44444pt::7.44444pt::5.61288pt.
[74


]
l2hSize :tex2html_wrap_inline26916:7.33331pt::7.33331pt::14.91216pt.
[75


]
l2hSize :tex2html_wrap_indisplay26918:15.0001pt::15.0001pt::149.49016pt.
[76


]
l2hSize :tex2html_wrap_inline26922:6.45831pt::0.0pt::6.07642pt.
[77


]
l2hSize :tex2html_wrap_inline26924:9.70636pt::9.70636pt::13.44824pt.
[78


]
l2hSize :tex2html_wrap_inline26926:8.91226pt::8.91226pt::12.7017pt.
[79


]
l2hSize :tex2html_wrap_inline26929:6.95831pt::6.95831pt::5.76163pt.
[80


]
l2hSize :tex2html_wrap_indisplay26931:16.50012pt::16.50012pt::295.05399pt.
[81


]
l2hSize :tex2html_wrap_inline26933:9.20636pt::0.0pt::8.55559pt.
[82


]
l2hSize :tex2html_wrap_inline26941:7.33331pt::7.33331pt::15.15843pt.
[83


]
l2hSize :tex2html_wrap_indisplay26943:15.0001pt::15.0001pt::150.12024pt.
[84


]
l2hSize :tex2html_wrap_inline26949:9.70636pt::9.70636pt::13.69452pt.
[85


]
l2hSize :tex2html_wrap_indisplay26961:14.20952pt::14.20952pt::80.76094pt.
[86


]
l2hSize :tex2html_wrap_inline26965:6.95831pt::6.95831pt::36.73955pt.
[87


]
l2hSize :tex2html_wrap_inline26967:8.14003pt::0.0pt::11.23618pt.
[88


]
l2hSize :tex2html_wrap_inline26969:8.0pt::8.0pt::13.44798pt.
[89


]
l2hSize :tex2html_wrap_indisplay26971:16.50012pt::16.50012pt::136.22743pt.
[90


]
l2hSize :tex2html_wrap_indisplay26973:16.50012pt::16.50012pt::151.32927pt.
[91


]
l2hSize :tex2html_wrap_inline26983:7.44444pt::7.44444pt::18.9306pt.
[92


]
l2hSize :tex2html_wrap_inline26985:7.44444pt::7.44444pt::18.70262pt.
[93


]
l2hSize :tex2html_wrap_inline26987:7.44444pt::7.44444pt::17.55211pt.
[94


]
l2hSize :tex2html_wrap_inline26989:7.44444pt::7.44444pt::17.32413pt.
[95


]
l2hSize :tex2html_wrap_inline26991:7.44444pt::7.44444pt::18.6216pt.
[96


]
l2hSize :tex2html_wrap_inline26993:7.44444pt::7.44444pt::18.39362pt.
[97


]
l2hSize :tex2html_wrap_indisplay26995:14.76508pt::14.76508pt::219.0149pt.
[98


]
l2hSize :tex2html_wrap_indisplay26997:14.76508pt::14.76508pt::215.75336pt.
[99


]
l2hSize :tex2html_wrap_indisplay26999:7.44444pt::7.44444pt::161.3887pt.
[100


]
l2hSize :tex2html_wrap_indisplay27001:7.44444pt::7.44444pt::165.66666pt.
[101


]
l2hSize :tex2html_wrap_inline27003:6.83331pt::0.0pt::14.54866pt.
[102


]
l2hSize :tex2html_wrap_inline27005:7.33331pt::7.33331pt::14.09499pt.
[103


]
l2hSize :tex2html_wrap_indisplay27008:11.57062pt::11.57062pt::123.20526pt.
[104


]
l2hSize :tex2html_wrap_inline27010:6.95831pt::6.95831pt::9.98817pt.
[105


]
l2hSize :tex2html_wrap_indisplay27012:13.48271pt::13.48271pt::91.66794pt.
[106


]
l2hSize :tex2html_wrap_inline27014:7.33331pt::7.33331pt::11.81393pt.
[107


]
l2hSize :tex2html_wrap_inline27016:7.33331pt::7.33331pt::10.81949pt.
[108


]
l2hSize :tex2html_wrap_indisplay27018:17.4001pt::17.4001pt::93.76767pt.
[109


]
l2hSize :tex2html_wrap_inline27020:6.45831pt::0.0pt::6.26161pt.
[110


]
l2hSize :tex2html_wrap_inline27022:6.45831pt::0.0pt::5.2894pt.
[111


]
l2hSize :tex2html_wrap_indisplay27024:15.4051pt::15.4051pt::67.39545pt.
[112


]
l2hSize :tex2html_wrap_inline27026:6.45831pt::0.0pt::6.93407pt.
[113


]
l2hSize :tex2html_wrap_indisplay27029:14.20952pt::14.20952pt::175.07077pt.
[114


]
l2hSize :tex2html_wrap_inline27031:9.20636pt::0.0pt::8.27783pt.
[115


]
l2hSize :tex2html_wrap_inline27035:7.33331pt::7.33331pt::14.85287pt.
[116


]
l2hSize :tex2html_wrap_indisplay27037:15.0001pt::15.0001pt::161.01384pt.
[117


]
l2hSize :tex2html_wrap_inline27039:8.91226pt::8.91226pt::12.71533pt.
[118


]
l2hSize :tex2html_wrap_inline27041:8.41226pt::0.0pt::12.71533pt.
[119


]
l2hSize :tex2html_wrap_inline27043:9.70636pt::9.70636pt::13.38896pt.
[120


]
l2hSize :tex2html_wrap_inline27053:8.91226pt::8.91226pt::12.64243pt.
[121


]
l2hSize :tex2html_wrap_inline27055:7.33331pt::7.33331pt::20.01604pt.
[122


]
l2hSize :tex2html_wrap_inline27057:8.0pt::8.0pt::18.54868pt.
[123


]
l2hSize :tex2html_wrap_indisplay27059:15.0001pt::15.0001pt::174.20935pt.
[124


]
l2hSize :tex2html_wrap_inline27061:6.95831pt::6.95831pt::9.95146pt.
[125


]
l2hSize :tex2html_wrap_inline27063:6.95831pt::6.95831pt::9.95146pt.
[126


]
l2hSize :tex2html_wrap_inline27065:8.0pt::8.0pt::21.45494pt.
[127


]
l2hSize :tex2html_wrap_indisplay27068:13.70952pt::13.70952pt::120.10117pt.
[128


]
l2hSize :tex2html_wrap_inline27070:9.20636pt::0.0pt::7.20834pt.
[129


]
l2hSize :tex2html_wrap_inline27074:7.33331pt::7.33331pt::14.00703pt.
[130


]
l2hSize :tex2html_wrap_indisplay27076:15.0001pt::15.0001pt::156.56099pt.
[131


]
l2hSize :tex2html_wrap_inline27078:8.91226pt::8.91226pt::11.86949pt.
[132


]
l2hSize :tex2html_wrap_inline27080:8.41226pt::0.0pt::11.86949pt.
[133


]
l2hSize :tex2html_wrap_inline27082:9.70636pt::9.70636pt::12.54312pt.
[134


]
l2hSize :tex2html_wrap_inline27084:8.91226pt::8.91226pt::37.41801pt.
[135


]
l2hSize :tex2html_wrap_inline27094:8.91226pt::8.91226pt::11.79659pt.
[136


]
l2hSize :tex2html_wrap_inline27096:7.33331pt::7.33331pt::18.37018pt.
[137


]
l2hSize :tex2html_wrap_inline27098:7.33331pt::7.33331pt::28.48952pt.
[138


]
l2hSize :tex2html_wrap_indisplay27100:8.0pt::8.0pt::72.59364pt.
[139


]
l2hSize :tex2html_wrap_indisplay27101:7.44444pt::7.44444pt::26.8142pt.
[140


]
l2hSize :tex2html_wrap_indisplay27110:14.76508pt::14.76508pt::87.6082pt.
[141


]
l2hSize :tex2html_wrap_inline27112:6.95831pt::6.95831pt::5.6285pt.
[142


]
l2hSize :tex2html_wrap_inline27116:6.95831pt::6.95831pt::10.15631pt.
[143


]
l2hSize :tex2html_wrap_indisplay27120:9.70636pt::9.70636pt::52.0725pt.
[144


]
l2hSize :tex2html_wrap_inline27122:9.20636pt::0.0pt::8.58684pt.
[145


]
l2hSize :tex2html_wrap_inline27126:7.33331pt::7.33331pt::12.23062pt.
[146


]
l2hSize :tex2html_wrap_indisplay27128:15.0001pt::15.0001pt::159.24362pt.
[147


]
l2hSize :tex2html_wrap_inline27130:8.91226pt::8.91226pt::12.95941pt.
[148


]
l2hSize :tex2html_wrap_inline27132:8.41226pt::0.0pt::12.95941pt.
[149


]
l2hSize :tex2html_wrap_inline27134:9.70636pt::9.70636pt::13.63304pt.
[150


]
l2hSize :tex2html_wrap_inline27136:8.91226pt::8.91226pt::38.50793pt.
[151


]
l2hSize :tex2html_wrap_indisplay27139:17.03902pt::17.03902pt::126.69717pt.
[152


]
l2hSize :tex2html_wrap_inline27145:8.14003pt::0.0pt::15.77782pt.
[153


]
l2hSize :tex2html_wrap_indisplay27149:17.03902pt::17.03902pt::156.03958pt.
[154


]
l2hSize :tex2html_wrap_inline27151:9.97221pt::9.97221pt::73.34332pt.
[155


]
l2hSize :tex2html_wrap_indisplay27162:14.20952pt::14.20952pt::105.95326pt.
[156


]
l2hSize :tex2html_wrap_inline27164:8.14003pt::0.0pt::32.44437pt.
[157


]
l2hSize :tex2html_wrap_inline27166:8.14003pt::0.0pt::14.11113pt.
[158


]
l2hSize :tex2html_wrap_indisplay27168:8.0pt::8.0pt::91.08427pt.
[159


]
l2hSize :tex2html_wrap_inline27174:7.33331pt::7.33331pt::13.48026pt.
[160


]
l2hSize :tex2html_wrap_indisplay27176:9.14003pt::9.14003pt::83.72342pt.
[161


]
l2hSize :tex2html_wrap_indisplay27178:14.20952pt::14.20952pt::170.9731pt.
[162


]
l2hSize :tex2html_wrap_indisplay27180:14.20952pt::14.20952pt::177.4314pt.
[163


]
l2hSize :tex2html_wrap_inline27202:8.01782pt::8.01782pt::27.04178pt.
[164


]
l2hSize :tex2html_wrap_inline27204:8.01782pt::8.01782pt::26.28943pt.
[165


]
l2hSize :tex2html_wrap_inline27206:8.01782pt::8.01782pt::26.0047pt.
[166


]
l2hSize :tex2html_wrap_inline27208:8.01782pt::8.01782pt::25.60886pt.
[167


]
l2hSize :tex2html_wrap_indisplay27211:14.20952pt::14.20952pt::340.64058pt.
[168


]
l2hSize :tex2html_wrap_inline27213:9.70636pt::9.70636pt::35.12296pt.
[169


]
l2hSize :tex2html_wrap_inline27221:6.95831pt::6.95831pt::5.32294pt.
[170


]
l2hSize :tex2html_wrap_inline27223:6.94444pt::0.0pt::3.6806pt.
[171


]
l2hSize :tex2html_wrap_inline27227:8.64003pt::8.64003pt::38.66316pt.
[172


]
l2hSize :tex2html_wrap_indisplay27229:10.53845pt::10.53845pt::130.25241pt.
[173


]
l2hSize :tex2html_wrap_inline27231:6.95831pt::6.95831pt::10.18991pt.
[174


]
l2hSize :tex2html_wrap_inline27233:8.01782pt::8.01782pt::12.99547pt.
[175


]
l2hSize :tex2html_wrap_inline27259:6.94444pt::0.0pt::9.20145pt.
[176


]
l2hSize :tex2html_wrap_inline27261:8.64003pt::8.64003pt::33.21301pt.
[177


]
l2hSize :tex2html_wrap_inline27263:8.64003pt::8.64003pt::34.64238pt.
[178


]
l2hSize :tex2html_wrap_inline27267:8.01782pt::8.01782pt::10.18991pt.
[179


]
l2hSize :tex2html_wrap_indisplay27275:15.4051pt::15.4051pt::201.0147pt.
[180


]
l2hSize :tex2html_wrap_inline27277:6.83331pt::0.0pt::11.29169pt.
[181


]
l2hSize :tex2html_wrap_inline27283:7.44444pt::7.44444pt::9.72273pt.
[182


]
l2hSize :tex2html_wrap_inline27288:8.01782pt::8.01782pt::25.3381pt.
[183


]
l2hSize :tex2html_wrap_inline27294:8.01782pt::8.01782pt::9.5539pt.
[184


]
l2hSize :tex2html_wrap_indisplay27296:14.25414pt::14.25414pt::199.23471pt.
[185


]
l2hSize :tex2html_wrap_inline27298:7.33331pt::7.33331pt::15.2568pt.
[186


]
l2hSize :tex2html_wrap_inline27300:10.37305pt::10.37305pt::21.61107pt.
[187


]
l2hSize :tex2html_wrap_inline27302:7.33331pt::7.33331pt::13.96301pt.
[188


]
l2hSize :tex2html_wrap_inline27304:7.33331pt::7.33331pt::15.40536pt.
[189


]
l2hSize :tex2html_wrap_indisplay27306:14.20952pt::14.20952pt::298.02145pt.
[190


]
l2hSize :tex2html_wrap_inline27308:7.51782pt::0.0pt::7.59724pt.
[191


]
l2hSize :tex2html_wrap_inline27312:8.0pt::8.0pt::55.4815pt.
[192


]
l2hSize :tex2html_wrap_inline27314:7.33331pt::7.33331pt::14.7651pt.
[193


]
l2hSize :tex2html_wrap_inline27316:7.33331pt::7.33331pt::13.97343pt.
[194


]
l2hSize :tex2html_wrap_indisplay27318:13.70952pt::13.70952pt::114.23772pt.
[195


]
l2hSize :tex2html_wrap_indisplay27320:14.25414pt::14.25414pt::305.06992pt.
[196


]
l2hSize :tex2html_wrap_inline27322:8.99002pt::8.99002pt::12.5084pt.
[197


]
l2hSize :tex2html_wrap_inline27324:8.99002pt::8.99002pt::26.90897pt.
[198


]
l2hSize :tex2html_wrap_inline27326:8.99002pt::8.99002pt::11.73892pt.
[199


]
l2hSize :tex2html_wrap_inline27328:8.99002pt::8.99002pt::12.33615pt.
[200


]
l2hSize :tex2html_wrap_inline27332:7.33331pt::7.33331pt::12.50432pt.
[201


]
l2hSize :tex2html_wrap_indisplay27334:9.14003pt::9.14003pt::106.42125pt.
[202


]
l2hSize :tex2html_wrap_indisplay27338:9.14003pt::9.14003pt::293.06006pt.
[203


]
l2hSize :tex2html_wrap_indisplay27340:15.88177pt::15.88177pt::101.0025pt.
[204


]
l2hSize :tex2html_wrap_indisplay27342:13.70952pt::13.70952pt::314.39435pt.
[205


]
l2hSize :tex2html_wrap_indisplay27344:13.70952pt::13.70952pt::189.24414pt.
[206


]
l2hSize :tex2html_wrap_indisplay27345:14.20952pt::14.20952pt::68.88112pt.
[207


]
l2hSize :tex2html_wrap_indisplay27347:15.0001pt::15.0001pt::122.39223pt.
[208


]
l2hSize :tex2html_wrap_inline27351:7.33331pt::7.33331pt::15.57759pt.
[209


]
l2hSize :tex2html_wrap_inline27353:7.44444pt::7.44444pt::11.83453pt.
[210


]
l2hSize :tex2html_wrap_inline27355:6.95831pt::6.95831pt::9.31372pt.
[211


]
l2hSize :tex2html_wrap_inline27357:6.95831pt::6.95831pt::9.31372pt.
[212


]
l2hSize :tex2html_wrap_inline27359:7.38586pt::7.38586pt::27.75806pt.
[213


]
l2hSize :tex2html_wrap_inline27361:6.95831pt::6.95831pt::10.09962pt.
[214


]
l2hSize :tex2html_wrap_indisplay27363:14.20952pt::14.20952pt::42.81308pt.
[215


]
l2hSize :displaymath27365:51.35484pt::0.0pt::349.0pt.
[216


]
l2hSize :tex2html_wrap_inline27367:6.95831pt::6.95831pt::27.72493pt.
[217


]
l2hSize :tex2html_wrap_inline27369:6.45831pt::0.0pt::6.00351pt.
[218


]
l2hSize :tex2html_wrap_indisplay27374:18.00014pt::18.00014pt::362.74695pt.

Overfull \hbox (16.74696pt too wide) in paragraph at lines 1608--1609
[]|[] 
 []

[219


]
l2hSize :tex2html_wrap_indisplay27376:9.3332pt::9.3332pt::212.43411pt.
[220


]
l2hSize :tex2html_wrap_inline27378:6.95831pt::6.95831pt::9.1152pt.
[221


]
l2hSize :tex2html_wrap_inline27380:8.0pt::8.0pt::69.64117pt.
[222


]
l2hSize :tex2html_wrap_inline27382:8.0pt::8.0pt::59.64114pt.
[223


]
l2hSize :tex2html_wrap_inline27384:8.0pt::8.0pt::59.64114pt.
[224


]
l2hSize :tex2html_wrap_inline27386:8.0pt::8.0pt::42.41899pt.
[225


]
l2hSize :tex2html_wrap_inline27388:8.0pt::8.0pt::69.64117pt.
[226


]
l2hSize :tex2html_wrap_indisplay27390:14.20952pt::14.20952pt::195.39415pt.
[227


]
l2hSize :tex2html_wrap_indisplay27392:21.0727pt::21.0727pt::238.85081pt.
[228


]
l2hSize :tex2html_wrap_indisplay27396:14.7829pt::14.7829pt::231.88336pt.
[229


]
l2hSize :tex2html_wrap_inline27398:9.85pt::9.85pt::82.98781pt.
[230


]
l2hSize :tex2html_wrap_indisplay27400:13.70952pt::13.70952pt::284.37785pt.
[231


]
l2hSize :tex2html_wrap_inline27404:9.3332pt::9.3332pt::13.7929pt.
[232


]
l2hSize :tex2html_wrap_inline27406:7.44444pt::7.44444pt::8.20433pt.
[233


]
l2hSize :tex2html_wrap_indisplay27408:15.4051pt::15.4051pt::123.71295pt.
[234


]
l2hSize :tex2html_wrap_inline27410:9.3332pt::9.3332pt::12.95428pt.
[235


]
l2hSize :tex2html_wrap_inline27414:8.0pt::8.0pt::33.91663pt.
[236


]
l2hSize :displaymath27420:62.42502pt::0.0pt::349.0pt.
[237


]
l2hSize :tex2html_wrap_indisplay27422:14.20952pt::14.20952pt::38.16615pt.
[238


]
l2hSize :tex2html_wrap_inline27428:9.3332pt::9.3332pt::14.25119pt.
[239


]
l2hSize :tex2html_wrap_inline27430:9.3332pt::9.3332pt::18.37622pt.
[240


]
l2hSize :tex2html_wrap_inline27432:9.3332pt::9.3332pt::12.95428pt.
[241


]
l2hSize :tex2html_wrap_inline27434:8.8332pt::0.0pt::7.73268pt.
[242


]
l2hSize :tex2html_wrap_inline27436:6.83331pt::0.0pt::10.17851pt.
[243


]
l2hSize :tex2html_wrap_inline27438:7.33331pt::7.33331pt::12.72159pt.
[244


]
l2hSize :tex2html_wrap_inline27442:6.95831pt::6.95831pt::28.60529pt.
[245


]
l2hSize :tex2html_wrap_inline27445:9.3332pt::9.3332pt::59.38869pt.
[246


]
l2hSize :tex2html_wrap_indisplay27447:15.4051pt::15.4051pt::108.33179pt.
[247


]
l2hSize :tex2html_wrap_indisplay27449:21.00017pt::21.00017pt::105.48029pt.
[248


]
l2hSize :tex2html_wrap_inline27451:8.0pt::8.0pt::55.84534pt.
[249


]
l2hSize :tex2html_wrap_inline27453:8.0pt::8.0pt::55.67357pt.
[250


]
l2hSize :tex2html_wrap_indisplay27459:14.20952pt::14.20952pt::185.43895pt.
[251


]
Overfull \hbox (14.71211pt too wide) detected at line 1806
[]
 []

l2hSize :displaymath27461:175.63751pt::0.0pt::349.0pt.
[252


]
l2hSize :displaymath27463:81.30753pt::0.0pt::349.0pt.
[253


]
l2hSize :tex2html_wrap_inline27465:7.33331pt::7.33331pt::32.34575pt.
[254


]
l2hSize :tex2html_wrap_indisplay27471:11.37212pt::11.37212pt::61.90761pt.
[255


]
l2hSize :tex2html_wrap_indisplay27473:13.0984pt::13.0984pt::339.47424pt.
[256


]
l2hSize :tex2html_wrap_inline27475:6.95831pt::6.95831pt::45.19998pt.
[257


]
l2hSize :tex2html_wrap_inline27479:6.95831pt::6.95831pt::26.96684pt.
[258


]
l2hSize :tex2html_wrap_indisplay27481:13.70952pt::13.70952pt::244.25856pt.
[259


]
l2hSize :tex2html_wrap_indisplay27487:15.4051pt::15.4051pt::168.17357pt.
[260


]
l2hSize :tex2html_wrap_inline27489:6.83331pt::0.0pt::6.75005pt.
[261


]
l2hSize :tex2html_wrap_indisplay27491:9.14003pt::9.14003pt::157.0557pt.
[262


]
l2hSize :tex2html_wrap_indisplay27493:14.09839pt::14.09839pt::162.33783pt.
[263


]
l2hSize :tex2html_wrap_inline27495:11.37212pt::11.37212pt::92.91577pt.
[264


]
l2hSize :tex2html_wrap_inline27497:11.37212pt::11.37212pt::41.4261pt.
[265


]
l2hSize :tex2html_wrap_inline27499:9.3332pt::9.3332pt::34.34592pt.
[266


]
l2hSize :displaymath27509:95.84627pt::0.0pt::349.0pt.
[267


]
l2hSize :tex2html_wrap_inline27517:6.95831pt::6.95831pt::8.57573pt.
[268


]
l2hSize :tex2html_wrap_inline27528:7.33331pt::7.33331pt::13.63304pt.
[269


]
l2hSize :tex2html_wrap_inline27530:7.33331pt::7.33331pt::45.78595pt.
[270


]
l2hSize :tex2html_wrap_inline27532:8.0pt::8.0pt::71.25018pt.
[271


]
l2hSize :tex2html_wrap_inline27534:7.33331pt::7.33331pt::38.38516pt.
[272


]
l2hSize :tex2html_wrap_inline27558:8.0pt::8.0pt::45.23055pt.
[273


]
l2hSize :tex2html_wrap_indisplay27560:11.37212pt::11.37212pt::117.72496pt.
[274


]
l2hSize :tex2html_wrap_inline27562:8.8332pt::0.0pt::7.20834pt.
[275


]
l2hSize :tex2html_wrap_inline27564:8.8332pt::0.0pt::9.625pt.
[276


]
l2hSize :tex2html_wrap_inline27566:11.37212pt::11.37212pt::54.75409pt.
[277


]
l2hSize :tex2html_wrap_inline27568:10.87212pt::0.0pt::14.11113pt.
[278


]
l2hSize :tex2html_wrap_inline27570:10.87212pt::0.0pt::22.80975pt.
[279


]
l2hSize :tex2html_wrap_inline27572:11.37212pt::11.37212pt::40.30112pt.
[280


]
l2hSize :tex2html_wrap_inline27574:6.83331pt::0.0pt::11.61531pt.
[281


]
l2hSize :tex2html_wrap_indisplay27576:9.14003pt::9.14003pt::430.22688pt.

Overfull \hbox (84.2269pt too wide) in paragraph at lines 1990--1991
[]|[] 
 []

[282


]
l2hSize :tex2html_wrap_inline27578:6.95831pt::6.95831pt::15.77345pt.
[283


]
l2hSize :tex2html_wrap_inline27588:8.64003pt::8.64003pt::15.77345pt.
[284


]
l2hSize :tex2html_wrap_inline27590:7.33331pt::7.33331pt::40.13756pt.
[285


]
l2hSize :tex2html_wrap_indisplay27592:9.14003pt::9.14003pt::240.46121pt.
[286


]
l2hSize :tex2html_wrap_inline27596:7.33331pt::7.33331pt::15.68906pt.
[287


]
l2hSize :tex2html_wrap_inline27598:6.45831pt::0.0pt::18.27786pt.
[288


]
l2hSize :tex2html_wrap_inline27600:6.45831pt::0.0pt::18.27786pt.
[289


]
l2hSize :tex2html_wrap_inline27602:6.45831pt::0.0pt::18.27786pt.
[290


]
l2hSize :tex2html_wrap_inline27604:6.45831pt::0.0pt::18.27786pt.
[291


]
l2hSize :tex2html_wrap_inline27606:6.45831pt::0.0pt::18.27786pt.
[292


]
l2hSize :tex2html_wrap_inline27624:7.44444pt::7.44444pt::13.26395pt.
[293


]
l2hSize :tex2html_wrap_inline27626:7.44444pt::7.44444pt::13.26395pt.
[294


]
l2hSize :tex2html_wrap_indisplay27628:16.80353pt::16.80353pt::139.87994pt.
[295


]
l2hSize :tex2html_wrap_inline27632:7.44444pt::7.44444pt::10.19102pt.
[296


]
l2hSize :tex2html_wrap_inline27634:6.95831pt::6.95831pt::10.98851pt.
[297


]
l2hSize :tex2html_wrap_indisplay27636:15.4051pt::15.4051pt::283.97285pt.
[298


]
l2hSize :tex2html_wrap_indisplay27640:15.0001pt::15.0001pt::336.17046pt.
[299


]
l2hSize :tex2html_wrap_inline27642:7.33331pt::7.33331pt::15.82204pt.
[300


]
l2hSize :tex2html_wrap_indisplay27644:14.20952pt::14.20952pt::168.49892pt.
[301


]
l2hSize :displaymath27646:55.25967pt::0.0pt::349.0pt.
[302


]
l2hSize :tex2html_wrap_indisplay27648:15.0001pt::15.0001pt::381.10117pt.

Overfull \hbox (35.10118pt too wide) in paragraph at lines 2119--2120
[]|[] 
 []

[303


]
l2hSize :tex2html_wrap_inline27650:7.17859pt::7.17859pt::36.46065pt.
[304


]
l2hSize :tex2html_wrap_inline27652:8.0pt::8.0pt::96.31013pt.
[305


]
l2hSize :tex2html_wrap_inline27654:8.0pt::8.0pt::65.27428pt.
[306


]
l2hSize :tex2html_wrap_inline27656:8.0pt::8.0pt::65.27428pt.
[307


]
l2hSize :tex2html_wrap_inline27658:6.95831pt::6.95831pt::27.64696pt.
[308


]
l2hSize :tex2html_wrap_inline27660:7.17859pt::7.17859pt::31.46063pt.
[309


]
l2hSize :displaymath27662:53.63658pt::0.0pt::349.0pt.
[310


]
l2hSize :tex2html_wrap_inline27664:7.17859pt::7.17859pt::38.49396pt.
[311


]
l2hSize :tex2html_wrap_inline27666:7.17859pt::7.17859pt::63.04645pt.
[312


]
l2hSize :tex2html_wrap_inline27668:7.17859pt::7.17859pt::63.04645pt.
[313


]
l2hSize :tex2html_wrap_inline27670:7.17859pt::7.17859pt::38.49396pt.
[314


]
l2hSize :tex2html_wrap_inline27672:7.17859pt::7.17859pt::38.49396pt.
[315


]
l2hSize :tex2html_wrap_inline27674:7.17859pt::7.17859pt::9.31372pt.
[316


]
l2hSize :tex2html_wrap_inline27676:7.17859pt::7.17859pt::9.31372pt.
[317


]
l2hSize :tex2html_wrap_inline27678:7.17859pt::7.17859pt::9.31372pt.
[318


]
l2hSize :tex2html_wrap_inline27680:7.17859pt::7.17859pt::9.31372pt.
[319


]
l2hSize :tex2html_wrap_inline27682:7.17859pt::7.17859pt::9.31372pt.
[320


]
l2hSize :tex2html_wrap_inline27684:7.17859pt::7.17859pt::12.83038pt.
[321


]
l2hSize :tex2html_wrap_inline27686:7.17859pt::7.17859pt::12.83038pt.
[322


]
l2hSize :tex2html_wrap_inline27688:7.17859pt::7.17859pt::12.83038pt.
[323


]
l2hSize :tex2html_wrap_inline27690:7.17859pt::7.17859pt::12.83038pt.
[324


]
l2hSize :tex2html_wrap_inline27692:7.17859pt::7.17859pt::12.83038pt.
[325


]
l2hSize :tex2html_wrap_inline27696:6.45831pt::0.0pt::13.27785pt.
[326


]
l2hSize :tex2html_wrap_inline27699:6.45831pt::0.0pt::13.27785pt.
[327


]
l2hSize :tex2html_wrap_inline27702:6.45831pt::0.0pt::13.27785pt.
[328


]
l2hSize :tex2html_wrap_inline27704:6.45831pt::0.0pt::5.50005pt.
[329


]
l2hSize :tex2html_wrap_inline27706:6.45831pt::0.0pt::18.27786pt.
[330


]
l2hSize :tex2html_wrap_inline27712:6.45831pt::0.0pt::13.27785pt.
[331


]
l2hSize :tex2html_wrap_inline27717:6.45831pt::0.0pt::18.27786pt.
[332


]
l2hSize :tex2html_wrap_inline27719:6.45831pt::0.0pt::28.2779pt.
[333


]
l2hSize :tex2html_wrap_inline27721:6.45831pt::0.0pt::13.27785pt.
[334


]
l2hSize :tex2html_wrap_inline27723:6.45831pt::0.0pt::18.27786pt.
[335


]
l2hSize :tex2html_wrap_inline27725:6.45831pt::0.0pt::13.27785pt.
[336


]
! Missing { inserted.
<to be read again> 
                   $
l.2323 $ b^$
            %
A left brace was mandatory here, so I've put one in.
You might want to delete and/or insert some corrections
so that I will find a matching right brace soon.
(If you're confused by all this, try typing `I}' now.)

! Missing } inserted.
<inserted text> 
                }
l.2323 $ b^$
            %
I've inserted something that you may have forgotten.
(See the <inserted text> above.)
With luck, this will get me unwedged. But if you
really didn't forget anything, try typing `2' now; then
my insertion and my current dilemma will both disappear.

l2hSize :tex2html_wrap_inline27773:6.94444pt::0.0pt::5.29169pt.
[337


]
l2hSize :tex2html_wrap_inline27774:6.95831pt::6.95831pt::7.54288pt.
[338


]
l2hSize :tex2html_wrap_inline27777:7.44444pt::7.44444pt::42.73146pt.
[339


]
! Missing { inserted.
<to be read again> 
                   $
l.2342 $ \tau^$
               %
A left brace was mandatory here, so I've put one in.
You might want to delete and/or insert some corrections
so that I will find a matching right brace soon.
(If you're confused by all this, try typing `I}' now.)

! Missing } inserted.
<inserted text> 
                }
l.2342 $ \tau^$
               %
I've inserted something that you may have forgotten.
(See the <inserted text> above.)
With luck, this will get me unwedged. But if you
really didn't forget anything, try typing `2' now; then
my insertion and my current dilemma will both disappear.

l2hSize :tex2html_wrap_inline27779:6.45831pt::0.0pt::6.50351pt.
[340


]
l2hSize :tex2html_wrap_inline27782:6.45831pt::0.0pt::21.55904pt.
[341


]
l2hSize :tex2html_wrap_inline27784:8.01782pt::8.01782pt::47.53357pt.
[342


]
l2hSize :tex2html_wrap_inline27786:8.01782pt::8.01782pt::58.4155pt.
[343


]
l2hSize :tex2html_wrap_indisplay27788:9.3332pt::9.3332pt::189.56137pt.
[344


]
l2hSize :tex2html_wrap_indisplay27790:13.70952pt::13.70952pt::75.05853pt.
[345


]
l2hSize :tex2html_wrap_inline27792:8.0pt::8.0pt::38.48033pt.
[346


]
l2hSize :tex2html_wrap_inline27796:8.0pt::8.0pt::39.34512pt.
[347


]
l2hSize :tex2html_wrap_inline27798:8.0pt::8.0pt::44.75813pt.
[348


]
l2hSize :tex2html_wrap_inline27800:8.0pt::8.0pt::49.75815pt.
[349


]
l2hSize :tex2html_wrap_inline27802:8.0pt::8.0pt::49.75815pt.
[350


]
l2hSize :tex2html_wrap_inline27806:8.0pt::8.0pt::44.75813pt.
[351


]
l2hSize :tex2html_wrap_indisplay27808:14.20952pt::14.20952pt::254.39085pt.
[352


]
l2hSize :tex2html_wrap_inline27810:11.37212pt::11.37212pt::58.42108pt.
[353


]
l2hSize :tex2html_wrap_inline27814:7.44444pt::7.44444pt::39.2616pt.
[354


]
l2hSize :tex2html_wrap_indisplay27818:14.20952pt::14.20952pt::92.97466pt.
[355


]
l2hSize :tex2html_wrap_inline27820:8.0pt::8.0pt::72.0379pt.
[356


]
l2hSize :tex2html_wrap_inline27822:7.44444pt::7.44444pt::37.44142pt.
[357


]
l2hSize :tex2html_wrap_inline27824:7.44444pt::7.44444pt::37.44142pt.
[358


]
l2hSize :tex2html_wrap_inline27826:6.95831pt::6.95831pt::32.12195pt.
[359


]
l2hSize :tex2html_wrap_inline27828:7.44444pt::7.44444pt::42.44144pt.
[360


]
l2hSize :tex2html_wrap_inline27830:7.44444pt::7.44444pt::42.44144pt.
[361


]
l2hSize :tex2html_wrap_inline27832:6.94444pt::0.0pt::6.33339pt.
[362


]
l2hSize :tex2html_wrap_inline27834:7.44444pt::7.44444pt::10.81952pt.
[363


]
l2hSize :tex2html_wrap_inline27836:7.44444pt::7.44444pt::10.81952pt.
[364


]
l2hSize :tex2html_wrap_inline27838:7.44444pt::7.44444pt::10.81952pt.
[365


]
l2hSize :tex2html_wrap_inline27840:7.44444pt::7.44444pt::10.81952pt.
[366


]
l2hSize :tex2html_wrap_inline27842:7.44444pt::7.44444pt::10.81952pt.
[367


]
l2hSize :tex2html_wrap_inline27844:7.44444pt::7.44444pt::10.81952pt.
[368


]
l2hSize :tex2html_wrap_inline27846:7.44444pt::7.44444pt::10.81952pt.
[369


]
l2hSize :tex2html_wrap_inline27848:7.44444pt::7.44444pt::10.81952pt.
[370


]
l2hSize :tex2html_wrap_inline27850:7.44444pt::7.44444pt::10.81952pt.
[371


]
l2hSize :tex2html_wrap_inline27854:8.0pt::8.0pt::15.50008pt.
[372


]
l2hSize :tex2html_wrap_inline27856:6.45831pt::0.0pt::23.27788pt.
[373


]
l2hSize :tex2html_wrap_inline27858:6.45831pt::0.0pt::28.2779pt.
[374


]
l2hSize :tex2html_wrap_inline27860:6.45831pt::0.0pt::28.2779pt.
[375


]
l2hSize :tex2html_wrap_inline27862:6.45831pt::0.0pt::18.27786pt.
[376


]
l2hSize :tex2html_wrap_inline27864:6.45831pt::0.0pt::18.27786pt.
[377


]
l2hSize :tex2html_wrap_inline27869:6.45831pt::0.0pt::18.27786pt.
[378


]
l2hSize :tex2html_wrap_inline27875:6.45831pt::0.0pt::23.27788pt.
[379


]
l2hSize :tex2html_wrap_inline27877:6.45831pt::0.0pt::33.27791pt.
[380


]
l2hSize :tex2html_wrap_inline27879:6.45831pt::0.0pt::28.2779pt.
[381


]
l2hSize :tex2html_wrap_inline27881:6.45831pt::0.0pt::23.27788pt.
[382


]
l2hSize :tex2html_wrap_inline27883:6.45831pt::0.0pt::18.27786pt.
[383


]
l2hSize :tex2html_wrap_inline27888:6.45831pt::0.0pt::23.27788pt.
[384


]
l2hSize :tex2html_wrap_inline27900:6.45831pt::0.0pt::13.27785pt.
[385


]
l2hSize :tex2html_wrap_inline27902:6.45831pt::0.0pt::23.27788pt.
[386


]
l2hSize :tex2html_wrap_inline27904:6.45831pt::0.0pt::23.27788pt.
[387


]
l2hSize :tex2html_wrap_inline27906:6.45831pt::0.0pt::23.27788pt.
[388


]
l2hSize :tex2html_wrap_inline27908:6.45831pt::0.0pt::23.27788pt.
[389


]
l2hSize :tex2html_wrap_inline27958:8.64003pt::8.64003pt::33.66315pt.
[390


]
l2hSize :tex2html_wrap_inline27960:8.64003pt::8.64003pt::55.23093pt.
[391


]
l2hSize :tex2html_wrap_inline27962:7.33331pt::7.33331pt::12.57124pt.
[392


]
l2hSize :tex2html_wrap_inline27964:8.0pt::8.0pt::69.4425pt.
[393


]
l2hSize :tex2html_wrap_indisplay27966:14.09839pt::14.09839pt::133.76247pt.
[394


]
l2hSize :tex2html_wrap_inline27968:8.0pt::8.0pt::64.48213pt.
[395


]
l2hSize :tex2html_wrap_inline27970:7.33331pt::7.33331pt::39.2803pt.
[396


]
l2hSize :tex2html_wrap_indisplay27972:14.09839pt::14.09839pt::247.81004pt.
[397


]
l2hSize :tex2html_wrap_inline27974:8.0pt::8.0pt::67.9988pt.
[398


]
l2hSize :tex2html_wrap_inline27976:7.33331pt::7.33331pt::37.79695pt.
[399


]
l2hSize :tex2html_wrap_inline27978:7.33331pt::7.33331pt::37.79695pt.
[400


]
l2hSize :tex2html_wrap_inline27980:7.33331pt::7.33331pt::37.79695pt.
[401


]
l2hSize :tex2html_wrap_inline27982:7.33331pt::7.33331pt::12.48618pt.
[402


]
l2hSize :tex2html_wrap_inline27984:7.33331pt::7.33331pt::12.48618pt.
[403


]
l2hSize :tex2html_wrap_inline27988:7.33331pt::7.33331pt::12.57124pt.
[404


]
l2hSize :tex2html_wrap_inline27990:7.33331pt::7.33331pt::12.13338pt.
[405


]
l2hSize :tex2html_wrap_inline27992:7.33331pt::7.33331pt::12.13338pt.
[406


]
l2hSize :tex2html_wrap_inline27994:7.33331pt::7.33331pt::12.13338pt.
[407


]
l2hSize :tex2html_wrap_inline27996:6.45831pt::0.0pt::18.27786pt.
[408


]
l2hSize :tex2html_wrap_inline27998:6.45831pt::0.0pt::18.27786pt.
[409


]
l2hSize :tex2html_wrap_inline28000:6.45831pt::0.0pt::23.27788pt.
[410


]
l2hSize :tex2html_wrap_inline28002:6.45831pt::0.0pt::18.27786pt.
[411


]
l2hSize :tex2html_wrap_inline28004:6.45831pt::0.0pt::18.27786pt.
[412


]
l2hSize :tex2html_wrap_inline28018:6.45831pt::0.0pt::13.27785pt.
[413


]
l2hSize :tex2html_wrap_inline28020:6.45831pt::0.0pt::13.27785pt.
[414


]
l2hSize :tex2html_wrap_inline28022:6.45831pt::0.0pt::18.27786pt.
[415


]
l2hSize :tex2html_wrap_inline28024:6.45831pt::0.0pt::18.27786pt.
[416


]
l2hSize :tex2html_wrap_inline28028:6.45831pt::0.0pt::18.27786pt.
[417


]
l2hSize :tex2html_wrap_inline28030:6.45831pt::0.0pt::23.27788pt.
[418


]
l2hSize :tex2html_wrap_indisplay28072:14.20952pt::14.20952pt::119.44337pt.
[419


]
l2hSize :tex2html_wrap_inline28074:6.83331pt::0.0pt::9.56946pt.
[420


]
l2hSize :tex2html_wrap_inline28078:7.33331pt::7.33331pt::17.475pt.
[421


]
l2hSize :tex2html_wrap_inline28080:6.45831pt::0.0pt::4.11115pt.
[422


]
l2hSize :tex2html_wrap_inline28084:7.33331pt::7.33331pt::8.40558pt.
[423


]
l2hSize :tex2html_wrap_inline28092:7.33331pt::7.33331pt::13.27089pt.
[424


]
l2hSize :tex2html_wrap_inline28096:8.64003pt::8.64003pt::12.98964pt.
[425


]
l2hSize :tex2html_wrap_inline28102:8.0pt::8.0pt::13.50352pt.
[426


]

LaTeX Warning: Command \" invalid in math mode on input line 2871.

! Please use \mathaccent for accents in math mode.
\add@accent ...@spacefactor \spacefactor }\accent 
                                                  #1 #2\egroup \spacefactor ...
l.2871 /k¨
          $%
I'm changing \accent to \mathaccent here; wish me luck.
(Accents are not the same in formulas as they are in text.)

! Missing { inserted.
<to be read again> 
                   \egroup 
l.2871 /k¨
          $%
A left brace was mandatory here, so I've put one in.
You might want to delete and/or insert some corrections
so that I will find a matching right brace soon.
(If you're confused by all this, try typing `I}' now.)

! You can't use `\spacefactor' in math mode.
\add@accent ...}\accent #1 #2\egroup \spacefactor 
                                                  \accent@spacefactor 
l.2871 /k¨
          $%
Sorry, but I'm not programmed to handle this case;
I'll just pretend that you didn't ask for it.
If you're in the wrong mode, you might be able to
return to the right one by typing `I}' or `I$' or `I\par'.

! Missing } inserted.
<inserted text> 
                }
l.2871 /k¨$
           %
I've inserted something that you may have forgotten.
(See the <inserted text> above.)
With luck, this will get me unwedged. But if you
really didn't forget anything, try typing `2' now; then
my insertion and my current dilemma will both disappear.

Missing character: There is no è in font cmex10!
l2hSize :tex2html_wrap_inline28104:8.0pt::8.0pt::15.07993pt.
[427


]
l2hSize :tex2html_wrap_indisplay28106:15.4051pt::15.4051pt::120.94208pt.
[428


]
l2hSize :tex2html_wrap_inline28110:6.95831pt::6.95831pt::23.72453pt.
[429


]
l2hSize :tex2html_wrap_inline28112:6.83331pt::0.0pt::12.4445pt.
[430


]
l2hSize :tex2html_wrap_indisplay28114:9.28888pt::9.28888pt::156.2516pt.
[431


]
l2hSize :tex2html_wrap_indisplay28116:14.09839pt::14.09839pt::94.29166pt.
[432


]
l2hSize :tex2html_wrap_indisplay28118:15.4051pt::15.4051pt::146.62263pt.
[433


]
l2hSize :tex2html_wrap_inline28120:8.14003pt::0.0pt::25.13783pt.
[434


]
l2hSize :tex2html_wrap_indisplay28122:14.09839pt::14.09839pt::105.58058pt.
[435


]
l2hSize :tex2html_wrap_inline28129:6.94444pt::0.0pt::5.7049pt.
[436


]
l2hSize :tex2html_wrap_inline28131:7.33331pt::7.33331pt::18.91048pt.
[437


]
l2hSize :tex2html_wrap_inline28137:7.09525pt::7.09525pt::13.24771pt.
[438


]
l2hSize :tex2html_wrap_inline28143:6.83331pt::0.0pt::25.70132pt.
[439


]
l2hSize :tex2html_wrap_inline28145:8.64003pt::8.64003pt::29.6759pt.
[440


]
l2hSize :tex2html_wrap_indisplay28147:15.4051pt::15.4051pt::59.26341pt.
[441


]
l2hSize :tex2html_wrap_indisplay28149:15.4051pt::15.4051pt::98.65709pt.
[442


]
l2hSize :tex2html_wrap_inline28153:6.95831pt::6.95831pt::12.25702pt.
[443


]
l2hSize :tex2html_wrap_inline28155:6.45831pt::0.0pt::32.37265pt.
[444


]
l2hSize :tex2html_wrap_indisplay28159:17.389pt::17.389pt::82.95702pt.
[445


]
l2hSize :tex2html_wrap_inline28161:6.83331pt::0.0pt::8.00005pt.
[446


]
l2hSize :tex2html_wrap_inline28163:7.44444pt::7.44444pt::10.1922pt.
[447


]
l2hSize :tex2html_wrap_inline28165:6.95831pt::6.95831pt::9.3577pt.
[448


]
l2hSize :tex2html_wrap_inline28171:7.44444pt::7.44444pt::65.70477pt.
[449


]
l2hSize :tex2html_wrap_inline28173:6.95831pt::6.95831pt::21.05565pt.
[450


]
l2hSize :tex2html_wrap_inline28177:7.44444pt::7.44444pt::11.50008pt.
[451


]
l2hSize :tex2html_wrap_indisplay28181:13.70952pt::13.70952pt::108.35477pt.
[452


]
l2hSize :tex2html_wrap_inline28187:6.95831pt::6.95831pt::14.85658pt.
[453


]
l2hSize :tex2html_wrap_indisplay28199:14.20952pt::14.20952pt::110.10275pt.
[454


]
l2hSize :displaymath28205:63.32674pt::0.0pt::349.0pt.
[455


]
l2hSize :tex2html_wrap_indisplay28213:6.95831pt::6.95831pt::52.52545pt.
[456


]
l2hSize :tex2html_wrap_inline28215:6.95831pt::6.95831pt::14.85658pt.
[457


]
l2hSize :tex2html_wrap_indisplay28221:8.0pt::8.0pt::158.81194pt.
[458


]
l2hSize :tex2html_wrap_inline28223:6.83331pt::0.0pt::9.70836pt.
[459


]
l2hSize :tex2html_wrap_inline28227:6.95831pt::6.95831pt::9.63666pt.
[460


]
l2hSize :tex2html_wrap_inline28229:6.45831pt::0.0pt::23.92357pt.
[461


]
l2hSize :tex2html_wrap_inline28231:8.0pt::8.0pt::37.95604pt.
[462


]
l2hSize :tex2html_wrap_inline28235:6.95831pt::6.95831pt::59.15614pt.
[463


]
l2hSize :tex2html_wrap_inline28241:7.33331pt::7.33331pt::52.51144pt.
[464


]
l2hSize :tex2html_wrap_inline28243:7.44444pt::7.44444pt::7.37273pt.
[465


]
l2hSize :displaymath28249:66.54724pt::0.0pt::349.0pt.
[466


]
l2hSize :tex2html_wrap_inline28251:6.95831pt::6.95831pt::34.10669pt.
[467


]
l2hSize :tex2html_wrap_inline28253:8.64003pt::8.64003pt::10.18991pt.
[468


]
l2hSize :tex2html_wrap_inline28255:8.99002pt::8.99002pt::65.4716pt.
[469


]
l2hSize :tex2html_wrap_inline28257:8.0pt::8.0pt::70.77682pt.
[470


]
l2hSize :tex2html_wrap_inline28259:6.95831pt::6.95831pt::4.98616pt.
[471


]
l2hSize :tex2html_wrap_indisplay28261:13.70952pt::13.70952pt::105.69867pt.
[472


]
l2hSize :tex2html_wrap_inline28263:8.64003pt::8.64003pt::45.88318pt.
[473


]
l2hSize :tex2html_wrap_inline28265:6.95831pt::6.95831pt::4.98616pt.
[474


]
l2hSize :tex2html_wrap_indisplay28267:15.0001pt::15.0001pt::227.08415pt.
[475


]
l2hSize :tex2html_wrap_indisplay28269:15.4051pt::15.4051pt::98.92902pt.
[476


]
Overfull \hbox (67.05772pt too wide) detected at line 3190
[]
 []

l2hSize :displaymath28281:61.00058pt::0.0pt::349.0pt.
[477


]
l2hSize :tex2html_wrap_inline28305:10.16663pt::10.16663pt::12.6158pt.
[478


]
l2hSize :tex2html_wrap_inline28309:6.95831pt::6.95831pt::21.05565pt.
[479


]
l2hSize :tex2html_wrap_inline28311:6.45831pt::0.0pt::18.27786pt.
[480


]
l2hSize :tex2html_wrap_inline28313:6.45831pt::0.0pt::18.27786pt.
[481


]
l2hSize :tex2html_wrap_inline28315:6.95831pt::6.95831pt::26.05566pt.
[482


]
l2hSize :tex2html_wrap_inline28317:6.45831pt::0.0pt::18.27786pt.
[483


]
l2hSize :tex2html_wrap_inline28319:6.45831pt::0.0pt::18.27786pt.
[484


]
l2hSize :tex2html_wrap_inline28321:6.45831pt::0.0pt::18.27786pt.
[485


]
l2hSize :tex2html_wrap_inline28327:6.45831pt::0.0pt::18.27786pt.
[486


]
l2hSize :tex2html_wrap_inline28329:6.95831pt::6.95831pt::26.05566pt.
[487


]
l2hSize :tex2html_wrap_inline28331:6.45831pt::0.0pt::18.27786pt.
[488


]
l2hSize :tex2html_wrap_inline28335:6.45831pt::0.0pt::18.27786pt.
[489


]
l2hSize :tex2html_wrap_inline28337:6.95831pt::6.95831pt::21.05565pt.
[490


]
l2hSize :tex2html_wrap_inline28343:6.95831pt::6.95831pt::26.05566pt.
[491


]
l2hSize :tex2html_wrap_inline28345:6.45831pt::0.0pt::18.27786pt.
[492


]
l2hSize :tex2html_wrap_inline28347:6.45831pt::0.0pt::18.27786pt.
[493


]
l2hSize :tex2html_wrap_inline28349:6.45831pt::0.0pt::18.27786pt.
[494


]
l2hSize :tex2html_wrap_inline28357:6.95831pt::6.95831pt::26.05566pt.
[495


]
l2hSize :tex2html_wrap_inline28359:6.45831pt::0.0pt::18.27786pt.
[496


]
l2hSize :tex2html_wrap_inline28363:6.45831pt::0.0pt::18.27786pt.
[497


]
l2hSize :tex2html_wrap_inline28426:6.95831pt::6.95831pt::40.8229pt.
[498


]
l2hSize :tex2html_wrap_inline28428:6.95831pt::6.95831pt::40.8229pt.
[499


]
l2hSize :tex2html_wrap_inline28442:6.45831pt::0.0pt::7.08334pt.
[500


]
l2hSize :tex2html_wrap_inline28444:8.64003pt::8.64003pt::58.28188pt.
[501


]
l2hSize :tex2html_wrap_indisplay28448:13.0984pt::13.0984pt::103.25217pt.
[502


]
l2hSize :tex2html_wrap_inline28454:6.95831pt::6.95831pt::14.85658pt.
[503


]
l2hSize :tex2html_wrap_inline28472:7.33331pt::7.33331pt::50.02153pt.
[504


]
Overfull \hbox (37.8191pt too wide) detected at line 3359
[]
 []

l2hSize :displaymath28494:80.82033pt::0.0pt::349.0pt.
[505


]
l2hSize :tex2html_wrap_inline28498:6.83331pt::0.0pt::26.50342pt.
[506


]
l2hSize :tex2html_wrap_indisplay28508:16.45772pt::16.45772pt::97.95308pt.
[507


]
l2hSize :displaymath28510:67.51988pt::0.0pt::349.0pt.
[508


]
l2hSize :displaymath28512:40.22795pt::0.0pt::349.0pt.
[509


]
l2hSize :tex2html_wrap_inline28514:7.33331pt::7.33331pt::12.3681pt.
[510


]
l2hSize :tex2html_wrap_inline28606:9.70636pt::9.70636pt::37.27531pt.
[511


]
l2hSize :tex2html_wrap_inline28624:6.95831pt::6.95831pt::14.48178pt.
[512


]
l2hSize :tex2html_wrap_indisplay28626:11.57062pt::11.57062pt::55.39975pt.
[513


]
! Missing { inserted.
<to be read again> 
                   $
l.3422 $ c_\mu^$
                %
A left brace was mandatory here, so I've put one in.
You might want to delete and/or insert some corrections
so that I will find a matching right brace soon.
(If you're confused by all this, try typing `I}' now.)

! Missing } inserted.
<inserted text> 
                }
l.3422 $ c_\mu^$
                %
I've inserted something that you may have forgotten.
(See the <inserted text> above.)
With luck, this will get me unwedged. But if you
really didn't forget anything, try typing `2' now; then
my insertion and my current dilemma will both disappear.

l2hSize :tex2html_wrap_inline28634:6.95831pt::6.95831pt::10.18991pt.
[514


]
l2hSize :tex2html_wrap_indisplay28642:14.09839pt::14.09839pt::80.11662pt.
[515


]
l2hSize :tex2html_wrap_inline28644:7.44444pt::7.44444pt::10.18991pt.
[516


]
l2hSize :tex2html_wrap_indisplay28650:15.4051pt::15.4051pt::120.50102pt.
[517


]
l2hSize :tex2html_wrap_inline28652:8.0pt::8.0pt::71.25018pt.
[518


]
l2hSize :tex2html_wrap_indisplay28654:15.4051pt::15.4051pt::112.13977pt.
[519


]
l2hSize :tex2html_wrap_inline28656:8.64003pt::8.64003pt::45.47694pt.
[520


]
l2hSize :tex2html_wrap_inline28658:7.44444pt::7.44444pt::30.16777pt.
[521


]
l2hSize :tex2html_wrap_inline28662:6.95831pt::6.95831pt::36.3289pt.
[522


]
! Missing { inserted.
<to be read again> 
                   $
l.3476 ...ightarrow 0} \hat{c}_\mu = \hat{c}_\mu^$
                                                  %
A left brace was mandatory here, so I've put one in.
You might want to delete and/or insert some corrections
so that I will find a matching right brace soon.
(If you're confused by all this, try typing `I}' now.)

! Missing } inserted.
<inserted text> 
                }
l.3476 ...ightarrow 0} \hat{c}_\mu = \hat{c}_\mu^$
                                                  %
I've inserted something that you may have forgotten.
(See the <inserted text> above.)
With luck, this will get me unwedged. But if you
really didn't forget anything, try typing `2' now; then
my insertion and my current dilemma will both disappear.

l2hSize :tex2html_wrap_indisplay28664:8.68333pt::8.68333pt::59.5021pt.
[523


]
l2hSize :tex2html_wrap_indisplay28665:11.57062pt::11.57062pt::38.78307pt.
[524


]
l2hSize :tex2html_wrap_inline28667:8.0pt::8.0pt::59.5476pt.
[525


]
! Missing { inserted.
<to be read again> 
                   $
l.3494 $ \hat{c}_\mu^$
                      %
A left brace was mandatory here, so I've put one in.
You might want to delete and/or insert some corrections
so that I will find a matching right brace soon.
(If you're confused by all this, try typing `I}' now.)

! Missing } inserted.
<inserted text> 
                }
l.3494 $ \hat{c}_\mu^$
                      %
I've inserted something that you may have forgotten.
(See the <inserted text> above.)
With luck, this will get me unwedged. But if you
really didn't forget anything, try typing `2' now; then
my insertion and my current dilemma will both disappear.

l2hSize :tex2html_wrap_inline28671:7.44444pt::7.44444pt::10.18991pt.
[526


]
! Missing { inserted.
<to be read again> 
                   $
l.3500 $ = (c_\mu^0)^3 c_\mu^$
                              %
A left brace was mandatory here, so I've put one in.
You might want to delete and/or insert some corrections
so that I will find a matching right brace soon.
(If you're confused by all this, try typing `I}' now.)

! Missing } inserted.
<inserted text> 
                }
l.3500 $ = (c_\mu^0)^3 c_\mu^$
                              %
I've inserted something that you may have forgotten.
(See the <inserted text> above.)
With luck, this will get me unwedged. But if you
really didn't forget anything, try typing `2' now; then
my insertion and my current dilemma will both disappear.

l2hSize :tex2html_wrap_inline28672:8.64003pt::8.64003pt::42.69923pt.
[527


]
l2hSize :tex2html_wrap_indisplay28678:15.4051pt::15.4051pt::56.4857pt.
[528


]
l2hSize :tex2html_wrap_indisplay28682:14.20952pt::14.20952pt::90.89252pt.
[529


]
l2hSize :tex2html_wrap_indisplay28684:8.0pt::8.0pt::81.26585pt.
[530


]
l2hSize :tex2html_wrap_indisplay28686:14.20952pt::14.20952pt::183.96152pt.
[531


]
l2hSize :tex2html_wrap_indisplay28692:18.43744pt::18.43744pt::118.9359pt.
[532


]
l2hSize :tex2html_wrap_inline28694:7.33331pt::7.33331pt::11.85075pt.
[533


]
l2hSize :tex2html_wrap_indisplay28702:19.02853pt::19.02853pt::73.03156pt.
[534


]
l2hSize :tex2html_wrap_inline28704:8.64003pt::8.64003pt::19.8091pt.
[535


]
l2hSize :tex2html_wrap_indisplay28706:14.20952pt::14.20952pt::95.90616pt.
[536


]
l2hSize :tex2html_wrap_indisplay28708:15.4051pt::15.4051pt::106.3081pt.
[537


]
l2hSize :tex2html_wrap_indisplay28710:14.20952pt::14.20952pt::199.82253pt.
[538


]
l2hSize :tex2html_wrap_indisplay28716:21.43747pt::21.43747pt::122.88803pt.
[539


]
l2hSize :tex2html_wrap_inline28718:7.33331pt::7.33331pt::11.34692pt.
[540


]
l2hSize :tex2html_wrap_indisplay28726:17.77165pt::17.77165pt::75.83624pt.
[541


]
l2hSize :tex2html_wrap_inline28728:8.0pt::8.0pt::57.00227pt.
[542


]
l2hSize :tex2html_wrap_indisplay28730:16.37323pt::16.37323pt::139.26819pt.
[543


]
l2hSize :tex2html_wrap_inline28736:6.95831pt::6.95831pt::10.82184pt.
[544


]
l2hSize :tex2html_wrap_indisplay28738:10.53845pt::10.53845pt::141.64137pt.
[545


]
l2hSize :tex2html_wrap_indisplay28740:16.37323pt::16.37323pt::244.84091pt.
[546


]
l2hSize :tex2html_wrap_indisplay28748:9.14003pt::9.14003pt::125.6768pt.
[547


]
l2hSize :tex2html_wrap_indisplay28752:16.37323pt::16.37323pt::211.16602pt.
[548


]
l2hSize :tex2html_wrap_indisplay28760:9.14003pt::9.14003pt::142.73111pt.
[549


]
l2hSize :tex2html_wrap_indisplay28762:16.37323pt::16.37323pt::306.19077pt.
[550


]
l2hSize :tex2html_wrap_indisplay28768:9.14003pt::9.14003pt::92.38768pt.
[551


]
l2hSize :tex2html_wrap_indisplay28772:15.4051pt::15.4051pt::174.01419pt.
[552


]
l2hSize :tex2html_wrap_indisplay28782:9.14003pt::9.14003pt::110.16525pt.
[553


]
l2hSize :tex2html_wrap_indisplay28784:15.4051pt::15.4051pt::247.3618pt.
[554


]
l2hSize :tex2html_wrap_indisplay28793:9.14003pt::9.14003pt::134.59229pt.
[555


]
l2hSize :tex2html_wrap_inline28799:6.95831pt::6.95831pt::13.37045pt.
[556


]
l2hSize :tex2html_wrap_inline28801:7.33331pt::7.33331pt::15.45247pt.
[557


]
l2hSize :tex2html_wrap_indisplay28803:9.70636pt::9.70636pt::96.45468pt.
[558


]
l2hSize :tex2html_wrap_indisplay28809:9.14003pt::9.14003pt::66.29924pt.
[559


]
l2hSize :tex2html_wrap_inline28818:6.95831pt::6.95831pt::10.91371pt.
[560


]
l2hSize :tex2html_wrap_indisplay28820:11.37212pt::11.37212pt::159.42882pt.
[561


]
l2hSize :tex2html_wrap_indisplay28828:9.81749pt::9.81749pt::103.94067pt.
[562


]
l2hSize :tex2html_wrap_inline28830:9.31749pt::0.0pt::6.02087pt.
[563


]
l2hSize :tex2html_wrap_inline28842:7.33331pt::7.33331pt::13.13412pt.
[564


]
l2hSize :tex2html_wrap_indisplay28846:15.0001pt::15.0001pt::100.25298pt.
[565


]
l2hSize :tex2html_wrap_inline28848:6.95831pt::6.95831pt::11.13432pt.
[566


]
l2hSize :displaymath28856:44.84537pt::0.0pt::349.0pt.
[567


]
l2hSize :tex2html_wrap_indisplay28864:16.80353pt::16.80353pt::69.62527pt.
[568


]
l2hSize :tex2html_wrap_inline28869:8.64003pt::8.64003pt::38.66316pt.
[569


]
l2hSize :tex2html_wrap_indisplay28871:12.37294pt::12.37294pt::117.22507pt.
[570


]
l2hSize :tex2html_wrap_inline28873:12.37294pt::12.37294pt::19.8091pt.
[571


]
l2hSize :tex2html_wrap_indisplay28881:15.4051pt::15.4051pt::119.05484pt.
[572


]
l2hSize :tex2html_wrap_inline28883:7.33331pt::7.33331pt::11.04831pt.
[573


]
l2hSize :tex2html_wrap_indisplay28885:15.4051pt::15.4051pt::51.09958pt.
[574


]
l2hSize :tex2html_wrap_indisplay28889:13.70952pt::13.70952pt::76.60452pt.
[575


]
l2hSize :tex2html_wrap_inline28892:8.64003pt::8.64003pt::51.91713pt.
[576


]
l2hSize :tex2html_wrap_indisplay28894:9.81749pt::9.81749pt::93.29883pt.
[577


]
l2hSize :tex2html_wrap_inline28896:9.81749pt::9.81749pt::9.72273pt.
[578


]
l2hSize :tex2html_wrap_inline28900:7.33331pt::7.33331pt::10.93683pt.
[579


]
l2hSize :tex2html_wrap_indisplay28908:14.20952pt::14.20952pt::146.1168pt.
[580


]
l2hSize :tex2html_wrap_indisplay28915:12.27293pt::12.27293pt::163.44078pt.
[581


]
l2hSize :tex2html_wrap_inline28917:12.27293pt::12.27293pt::12.98964pt.
[582


]
l2hSize :tex2html_wrap_inline28927:6.83331pt::0.0pt::8.31949pt.
[583


]
l2hSize :tex2html_wrap_indisplay28929:17.03902pt::17.03902pt::108.50662pt.
[584


]
l2hSize :tex2html_wrap_inline28933:7.33331pt::7.33331pt::12.00496pt.
[585


]
l2hSize :tex2html_wrap_inline28937:7.33331pt::7.33331pt::30.42848pt.
[586


]
l2hSize :tex2html_wrap_inline28939:6.45831pt::0.0pt::5.59033pt.
[587


]
l2hSize :tex2html_wrap_inline28941:7.33331pt::7.33331pt::11.28342pt.
[588


]
l2hSize :tex2html_wrap_indisplay28943:15.4051pt::15.4051pt::109.54163pt.
[589


]
l2hSize :tex2html_wrap_inline28945:7.33331pt::7.33331pt::9.70143pt.
[590


]
l2hSize :tex2html_wrap_inline28947:7.33331pt::7.33331pt::12.3681pt.
[591


]
l2hSize :tex2html_wrap_inline28955:7.33331pt::7.33331pt::12.3681pt.
[592


]
l2hSize :tex2html_wrap_inline28961:6.45831pt::0.0pt::18.27786pt.
[593


]
l2hSize :tex2html_wrap_inline28969:6.45831pt::0.0pt::18.27786pt.
[594


]
l2hSize :tex2html_wrap_indisplay28995:11.57062pt::11.57062pt::153.53038pt.
[595


]
l2hSize :tex2html_wrap_inline28997:6.67859pt::0.0pt::4.55907pt.
[596


]
l2hSize :tex2html_wrap_inline29005:7.33331pt::7.33331pt::12.04695pt.
[597


]
l2hSize :tex2html_wrap_indisplay29009:15.0001pt::15.0001pt::97.64809pt.
[598


]
l2hSize :tex2html_wrap_inline29011:6.95831pt::6.95831pt::10.04715pt.
[599


]
l2hSize :tex2html_wrap_inline29015:6.95831pt::6.95831pt::38.12662pt.
[600


]
l2hSize :tex2html_wrap_inline29027:6.95831pt::6.95831pt::12.64671pt.
[601


]
l2hSize :tex2html_wrap_inline29029:6.95831pt::6.95831pt::12.64671pt.
[602


]
l2hSize :tex2html_wrap_inline29031:6.45831pt::0.0pt::28.2779pt.
[603


]
l2hSize :tex2html_wrap_inline29033:6.45831pt::0.0pt::13.27785pt.
[604


]
l2hSize :tex2html_wrap_inline29035:6.45831pt::0.0pt::13.27785pt.
[605


]
l2hSize :tex2html_wrap_inline29037:6.45831pt::0.0pt::18.27786pt.
[606


]
l2hSize :tex2html_wrap_inline29039:6.45831pt::0.0pt::18.27786pt.
[607


]
l2hSize :tex2html_wrap_indisplay29057:9.14003pt::9.14003pt::80.09235pt.
[608


]
l2hSize :tex2html_wrap_inline29085:6.95831pt::6.95831pt::13.27785pt.
[609


]
l2hSize :tex2html_wrap_inline29087:8.94843pt::8.94843pt::6.88615pt.
[610


]
l2hSize :tex2html_wrap_inline29094:6.45831pt::0.0pt::5.50005pt.
[611


]
l2hSize :tex2html_wrap_inline29102:8.94843pt::8.94843pt::6.88615pt.
[612


]
l2hSize :tex2html_wrap_inline29106:6.94444pt::0.0pt::11.52435pt.
[613


]
l2hSize :tex2html_wrap_inline29108:6.95831pt::6.95831pt::13.27785pt.
[614


]
l2hSize :tex2html_wrap_indisplay29156:14.20952pt::14.20952pt::165.86646pt.
[615


]
l2hSize :tex2html_wrap_inline29158:9.81749pt::9.81749pt::7.37273pt.
[616


]
l2hSize :tex2html_wrap_inline29166:7.33331pt::7.33331pt::14.25682pt.
[617


]
l2hSize :tex2html_wrap_indisplay29172:15.0001pt::15.0001pt::101.07251pt.
[618


]
l2hSize :tex2html_wrap_inline29174:8.0pt::8.0pt::34.99646pt.
[619


]
l2hSize :tex2html_wrap_indisplay29178:11.57062pt::11.57062pt::164.27194pt.
[620


]
l2hSize :tex2html_wrap_inline29196:6.45831pt::0.0pt::28.2779pt.
[621


]
l2hSize :tex2html_wrap_inline29210:6.45831pt::0.0pt::28.2779pt.
[622


]
l2hSize :tex2html_wrap_inline29212:6.45831pt::0.0pt::18.27786pt.
[623


]
l2hSize :tex2html_wrap_inline29216:6.45831pt::0.0pt::13.27785pt.
[624


]
l2hSize :tex2html_wrap_inline29228:6.45831pt::0.0pt::5.50005pt.
[625


]
l2hSize :tex2html_wrap_inline29232:6.45831pt::0.0pt::23.27788pt.
[626


]
l2hSize :tex2html_wrap_inline29234:6.45831pt::0.0pt::23.27788pt.
[627


]
l2hSize :tex2html_wrap_inline29242:6.45831pt::0.0pt::18.27786pt.
[628


]
l2hSize :tex2html_wrap_inline29244:6.45831pt::0.0pt::18.27786pt.
[629


]
l2hSize :tex2html_wrap_inline29246:6.45831pt::0.0pt::23.27788pt.
[630


]
l2hSize :tex2html_wrap_inline29248:6.45831pt::0.0pt::23.27788pt.
[631


]
l2hSize :tex2html_wrap_indisplay29298:7.33331pt::7.33331pt::75.7859pt.
[632


]
l2hSize :tex2html_wrap_indisplay29300:9.14003pt::9.14003pt::140.71535pt.
[633


]
l2hSize :tex2html_wrap_indisplay29315:7.33331pt::7.33331pt::45.12355pt.
[634


]
l2hSize :tex2html_wrap_indisplay29317:14.20952pt::14.20952pt::149.48094pt.
[635


]
l2hSize :tex2html_wrap_inline29326:7.44444pt::7.44444pt::9.72156pt.
[636


]
l2hSize :tex2html_wrap_inline29328:7.44444pt::7.44444pt::9.97922pt.
[637


]
l2hSize :tex2html_wrap_inline29330:7.44444pt::7.44444pt::53.88107pt.
[638


]
l2hSize :tex2html_wrap_inline29332:8.99002pt::8.99002pt::9.63666pt.
[639


]
l2hSize :tex2html_wrap_inline29334:7.1428pt::7.1428pt::9.86465pt.
[640


]
l2hSize :tex2html_wrap_indisplay29336:15.7551pt::15.7551pt::117.93275pt.
[641


]
l2hSize :tex2html_wrap_inline29338:8.0pt::8.0pt::40.48848pt.
[642


]
l2hSize :tex2html_wrap_indisplay29340:9.49002pt::9.49002pt::145.53265pt.
[643


]
l2hSize :tex2html_wrap_indisplay29344:17.00539pt::17.00539pt::265.28693pt.
[644


]
l2hSize :tex2html_wrap_inline29348:7.44444pt::7.44444pt::6.68405pt.
[645


]
l2hSize :tex2html_wrap_inline29350:7.44444pt::7.44444pt::25.01729pt.
[646


]
l2hSize :tex2html_wrap_indisplay29352:17.26328pt::17.26328pt::147.11945pt.
[647


]
l2hSize :tex2html_wrap_inline29358:7.44444pt::7.44444pt::8.32147pt.
[648


]
l2hSize :tex2html_wrap_indisplay29360:15.0001pt::15.0001pt::177.14896pt.
[649


]
l2hSize :tex2html_wrap_indisplay29362:18.32733pt::18.32733pt::81.15086pt.
[650


]
l2hSize :tex2html_wrap_inline29364:6.95831pt::6.95831pt::10.16347pt.
[651


]
l2hSize :tex2html_wrap_inline29366:6.95831pt::6.95831pt::36.2745pt.
[652


]
l2hSize :tex2html_wrap_indisplay29379:13.70952pt::13.70952pt::62.57451pt.
[653


]
l2hSize :displaymath29382:107.4394pt::0.0pt::349.0pt.
[654


]
l2hSize :tex2html_wrap_indisplay29389:13.94366pt::13.94366pt::102.28047pt.
[655


]
l2hSize :tex2html_wrap_inline29391:6.67859pt::0.0pt::5.59033pt.
[656


]
l2hSize :tex2html_wrap_inline29395:7.44444pt::7.44444pt::39.18521pt.
[657


]
l2hSize :tex2html_wrap_inline29397:6.95831pt::6.95831pt::45.42479pt.
[658


]
l2hSize :tex2html_wrap_inline29399:8.0pt::8.0pt::38.27696pt.
[659


]
l2hSize :tex2html_wrap_inline29401:8.0pt::8.0pt::55.05957pt.
[660


]
l2hSize :tex2html_wrap_inline29403:6.45831pt::0.0pt::5.1563pt.
[661


]
l2hSize :tex2html_wrap_inline29405:6.45831pt::0.0pt::23.48953pt.
[662


]
l2hSize :tex2html_wrap_inline29408:7.44444pt::7.44444pt::8.71188pt.
[663


]
l2hSize :tex2html_wrap_inline29410:7.44444pt::7.44444pt::8.1467pt.
[664


]
l2hSize :displaymath29412:46.71742pt::0.0pt::349.0pt.
[665


]
l2hSize :tex2html_wrap_inline29418:7.44444pt::7.44444pt::8.40399pt.
[666


]
l2hSize :tex2html_wrap_inline29420:7.44444pt::7.44444pt::7.31682pt.
[667


]
l2hSize :displaymath29422:44.91846pt::0.0pt::349.0pt.
[668


]
l2hSize :tex2html_wrap_inline29426:7.44444pt::7.44444pt::7.31682pt.
[669


]
l2hSize :tex2html_wrap_indisplay29430:9.87892pt::9.87892pt::127.97073pt.
[670


]
l2hSize :displaymath29443:90.49605pt::0.0pt::349.0pt.
[671


]
l2hSize :tex2html_wrap_inline29445:6.83331pt::0.0pt::9.05698pt.
[672


]
l2hSize :displaymath29447:121.67906pt::0.0pt::349.0pt.
[673


]
l2hSize :tex2html_wrap_inline29449:7.33331pt::7.33331pt::13.97807pt.
[674


]
l2hSize :tex2html_wrap_inline29451:7.33331pt::7.33331pt::12.5514pt.
[675


]
l2hSize :displaymath29453:74.60744pt::0.0pt::349.0pt.
[676


]
l2hSize :displaymath29455:54.07162pt::0.0pt::349.0pt.
[677


]
l2hSize :displaymath29459:60.07162pt::0.0pt::349.0pt.
[678


]
l2hSize :tex2html_wrap_indisplay29472:11.57062pt::11.57062pt::102.61049pt.
[679


]
l2hSize :displaymath29485:67.48808pt::0.0pt::349.0pt.
[680


]
l2hSize :displaymath29489:142.21487pt::0.0pt::349.0pt.
[681


]
l2hSize :displaymath29491:80.60744pt::0.0pt::349.0pt.
[682


]
l2hSize :tex2html_wrap_indisplay29498:14.09839pt::14.09839pt::221.8275pt.
[683


]
l2hSize :tex2html_wrap_inline29504:8.0pt::8.0pt::37.533pt.
[684


]
l2hSize :displaymath29515:64.95186pt::0.0pt::349.0pt.
[685


]
l2hSize :tex2html_wrap_inline29519:8.64003pt::8.64003pt::17.58456pt.
[686


]
l2hSize :tex2html_wrap_inline29521:6.83331pt::0.0pt::32.17076pt.
[687


]
l2hSize :tex2html_wrap_indisplay29528:16.37323pt::16.37323pt::98.92201pt.
[688


]
l2hSize :tex2html_wrap_inline29530:8.64003pt::8.64003pt::10.18991pt.
[689


]
l2hSize :tex2html_wrap_indisplay29532:15.0001pt::15.0001pt::176.70763pt.
[690


]
l2hSize :tex2html_wrap_inline29544:8.64003pt::8.64003pt::48.69562pt.
[691


]
l2hSize :tex2html_wrap_inline29546:6.83331pt::0.0pt::51.19861pt.
[692


]
l2hSize :tex2html_wrap_indisplay29549:6.95831pt::6.95831pt::20.74542pt.
[693


]
l2hSize :tex2html_wrap_indisplay29550:6.95831pt::6.95831pt::26.61115pt.
[694


]
l2hSize :tex2html_wrap_indisplay29552:13.70952pt::13.70952pt::150.58252pt.
[695


]
l2hSize :tex2html_wrap_inline29554:8.64003pt::8.64003pt::53.90628pt.
[696


]
l2hSize :tex2html_wrap_inline29556:8.0pt::8.0pt::27.02707pt.
[697


]
l2hSize :tex2html_wrap_indisplay29560:15.75102pt::15.75102pt::49.62228pt.
[698


]
l2hSize :tex2html_wrap_indisplay29562:9.87892pt::9.87892pt::134.52193pt.
[699


]
l2hSize :tex2html_wrap_indisplay29564:13.70952pt::13.70952pt::50.85542pt.
[700


]
l2hSize :tex2html_wrap_inline29566:7.33331pt::7.33331pt::11.42221pt.
[701


]
l2hSize :tex2html_wrap_inline29589:8.91226pt::8.91226pt::34.7533pt.
[702


]
l2hSize :tex2html_wrap_inline29591:7.44444pt::7.44444pt::16.57639pt.
[703


]
l2hSize :tex2html_wrap_indisplay29597:9.41226pt::9.41226pt::174.35986pt.
[704


]
l2hSize :tex2html_wrap_indisplay29599:9.41226pt::9.41226pt::150.69014pt.
[705


]
l2hSize :tex2html_wrap_indisplay29602:9.41226pt::9.41226pt::80.9429pt.
[706


]
l2hSize :tex2html_wrap_indisplay29604:7.33331pt::7.33331pt::53.08876pt.
[707


]
l2hSize :tex2html_wrap_indisplay29606:20.03905pt::20.03905pt::184.16234pt.
[708


]
l2hSize :tex2html_wrap_indisplay29608:7.33331pt::7.33331pt::71.422pt.
[709


]
l2hSize :tex2html_wrap_indisplay29610:9.41226pt::9.41226pt::108.9012pt.
[710


]
l2hSize :tex2html_wrap_indisplay29612:7.33331pt::7.33331pt::42.53325pt.
[711


]
l2hSize :tex2html_wrap_inline29614:8.14003pt::0.0pt::4.98616pt.
[712


]
l2hSize :tex2html_wrap_inline29616:8.14003pt::0.0pt::11.23618pt.
[713


]
l2hSize :tex2html_wrap_indisplay29621:9.14003pt::9.14003pt::53.60767pt.
[714


]
l2hSize :tex2html_wrap_inline29623:6.95831pt::6.95831pt::34.15738pt.
[715


]
l2hSize :tex2html_wrap_indisplay29626:14.76508pt::14.76508pt::120.608pt.
[716


]
l2hSize :tex2html_wrap_inline29632:6.94444pt::0.0pt::6.26161pt.
[717


]
l2hSize :tex2html_wrap_inline29634:6.45831pt::0.0pt::5.18753pt.
[718


]
l2hSize :tex2html_wrap_indisplay29636:10.16663pt::10.16663pt::62.31747pt.
[719


]
l2hSize :tex2html_wrap_inline29638:10.16663pt::10.16663pt::11.38475pt.
[720


]
l2hSize :tex2html_wrap_inline29640:6.95831pt::6.95831pt::10.98567pt.
[721


]
l2hSize :tex2html_wrap_indisplay29644:10.16663pt::10.16663pt::94.06647pt.
[722


]
l2hSize :tex2html_wrap_indisplay29650:14.20952pt::14.20952pt::43.62325pt.
[723


]
l2hSize :tex2html_wrap_inline29654:6.95831pt::6.95831pt::12.96753pt.
[724


]
l2hSize :tex2html_wrap_indisplay29658:9.14003pt::9.14003pt::151.26971pt.
[725


]
l2hSize :tex2html_wrap_inline29660:6.95831pt::6.95831pt::28.60529pt.
[726


]
l2hSize :tex2html_wrap_inline29662:6.95831pt::6.95831pt::28.60529pt.
[727


]
l2hSize :tex2html_wrap_inline29664:6.95831pt::6.95831pt::10.27205pt.
[728


]
l2hSize :tex2html_wrap_inline29666:6.95831pt::6.95831pt::10.27205pt.
[729


]
l2hSize :tex2html_wrap_inline29670:7.51782pt::0.0pt::11.16808pt.
[730


]
l2hSize :tex2html_wrap_indisplay29674:12.00008pt::12.00008pt::258.05225pt.
[731


]
l2hSize :tex2html_wrap_inline29676:10.16663pt::10.16663pt::11.78998pt.
[732


]
l2hSize :tex2html_wrap_indisplay29680:13.70952pt::13.70952pt::113.74033pt.
[733


]
l2hSize :tex2html_wrap_inline29682:6.95831pt::6.95831pt::11.73665pt.
[734


]
l2hSize :tex2html_wrap_inline29686:10.16663pt::10.16663pt::11.78998pt.
[735


]
l2hSize :tex2html_wrap_indisplay29694:16.9317pt::16.9317pt::196.54063pt.
[736


]
l2hSize :tex2html_wrap_indisplay29696:14.20952pt::14.20952pt::73.0205pt.
[737


]
l2hSize :tex2html_wrap_inline29704:7.33331pt::7.33331pt::13.0306pt.
[738


]
l2hSize :tex2html_wrap_indisplay29706:14.20952pt::14.20952pt::122.87894pt.
[739


]
l2hSize :tex2html_wrap_indisplay29710:16.9317pt::16.9317pt::181.61423pt.
[740


]
l2hSize :tex2html_wrap_indisplay29716:14.76508pt::14.76508pt::154.69568pt.
[741


]
l2hSize :tex2html_wrap_inline29720:6.45831pt::0.0pt::81.1994pt.
[742


]
l2hSize :tex2html_wrap_inline29722:7.33331pt::7.33331pt::9.8542pt.
[743


]
l2hSize :tex2html_wrap_indisplay29726:14.76508pt::14.76508pt::136.83017pt.
[744


]
l2hSize :tex2html_wrap_inline29728:6.45831pt::0.0pt::44.44972pt.
[745


]
! Missing { inserted.
<to be read again> 
                   $
l.4851 $\displaystyle F_c(z_{bl}) = Ri_$
                                        %
A left brace was mandatory here, so I've put one in.
You might want to delete and/or insert some corrections
so that I will find a matching right brace soon.
(If you're confused by all this, try typing `I}' now.)

! Missing } inserted.
<inserted text> 
                }
l.4851 $\displaystyle F_c(z_{bl}) = Ri_$
                                        %
I've inserted something that you may have forgotten.
(See the <inserted text> above.)
With luck, this will get me unwedged. But if you
really didn't forget anything, try typing `2' now; then
my insertion and my current dilemma will both disappear.

l2hSize :tex2html_wrap_indisplay29730:8.0pt::8.0pt::54.96725pt.
[746


]
! Missing { inserted.
<to be read again> 
                   $
l.4857 $\displaystyle (z_{bl})  - Ri_c Ri_$
                                           %
A left brace was mandatory here, so I've put one in.
You might want to delete and/or insert some corrections
so that I will find a matching right brace soon.
(If you're confused by all this, try typing `I}' now.)

! Missing } inserted.
<inserted text> 
                }
l.4857 $\displaystyle (z_{bl})  - Ri_c Ri_$
                                           %
I've inserted something that you may have forgotten.
(See the <inserted text> above.)
With luck, this will get me unwedged. But if you
really didn't forget anything, try typing `2' now; then
my insertion and my current dilemma will both disappear.

l2hSize :tex2html_wrap_indisplay29731:8.0pt::8.0pt::58.5409pt.
[747


]
l2hSize :tex2html_wrap_indisplay29732:8.0pt::8.0pt::50.62549pt.
[748


]
l2hSize :tex2html_wrap_inline29734:7.33331pt::7.33331pt::11.00433pt.
[749


]
l2hSize :tex2html_wrap_inline29742:6.95831pt::6.95831pt::5.67018pt.
[750


]
l2hSize :tex2html_wrap_inline29750:8.64003pt::8.64003pt::15.17366pt.
[751


]
l2hSize :tex2html_wrap_inline29752:8.64003pt::8.64003pt::14.32782pt.
[752


]
l2hSize :tex2html_wrap_inline29758:7.44444pt::7.44444pt::6.47229pt.
[753


]
l2hSize :tex2html_wrap_indisplay29766:14.76508pt::14.76508pt::154.69568pt.
[754


]
! Missing { inserted.
<to be read again> 
                   $
l.4911 $ d_$
            %
A left brace was mandatory here, so I've put one in.
You might want to delete and/or insert some corrections
so that I will find a matching right brace soon.
(If you're confused by all this, try typing `I}' now.)

! Missing } inserted.
<inserted text> 
                }
l.4911 $ d_$
            %
I've inserted something that you may have forgotten.
(See the <inserted text> above.)
With luck, this will get me unwedged. But if you
really didn't forget anything, try typing `2' now; then
my insertion and my current dilemma will both disappear.

l2hSize :tex2html_wrap_inline29774:7.44444pt::7.44444pt::6.2049pt.
[755


]
l2hSize :tex2html_wrap_inline29776:7.33331pt::7.33331pt::13.2692pt.
[756


]
l2hSize :tex2html_wrap_indisplay29778:11.57062pt::11.57062pt::66.89977pt.
[757


]
! Missing { inserted.
<to be read again> 
                   $
l.4929 $ \zeta=d_$
                  %
A left brace was mandatory here, so I've put one in.
You might want to delete and/or insert some corrections
so that I will find a matching right brace soon.
(If you're confused by all this, try typing `I}' now.)

! Missing } inserted.
<inserted text> 
                }
l.4929 $ \zeta=d_$
                  %
I've inserted something that you may have forgotten.
(See the <inserted text> above.)
With luck, this will get me unwedged. But if you
really didn't forget anything, try typing `2' now; then
my insertion and my current dilemma will both disappear.

l2hSize :tex2html_wrap_inline29782:7.44444pt::7.44444pt::24.65097pt.
[758


]
l2hSize :tex2html_wrap_inline29783:8.0pt::8.0pt::12.30562pt.
[759


]
l2hSize :tex2html_wrap_indisplay29785:15.4051pt::15.4051pt::54.34737pt.
[760


]
l2hSize :tex2html_wrap_inline29787:7.33331pt::7.33331pt::31.60243pt.
[761


]
l2hSize :tex2html_wrap_indisplay29793:7.44444pt::7.44444pt::64.25433pt.
[762


]
l2hSize :tex2html_wrap_inline29795:7.33331pt::7.33331pt::31.60243pt.
[763


]
l2hSize :tex2html_wrap_inline29799:6.94444pt::0.0pt::28.85873pt.
[764


]
l2hSize :tex2html_wrap_inline29801:8.0pt::8.0pt::25.92125pt.
[765


]
l2hSize :tex2html_wrap_inline29806:7.1428pt::7.1428pt::10.27783pt.
[766


]
l2hSize :tex2html_wrap_inline29808:7.1428pt::7.1428pt::10.27783pt.
[767


]
l2hSize :tex2html_wrap_indisplay29812:7.33331pt::7.33331pt::101.61192pt.
[768


]
l2hSize :tex2html_wrap_inline29818:7.33331pt::7.33331pt::18.89449pt.
[769


]
l2hSize :tex2html_wrap_inline29822:7.33331pt::7.33331pt::15.16115pt.
[770


]
l2hSize :tex2html_wrap_inline29824:7.33331pt::7.33331pt::15.99031pt.
[771


]
l2hSize :tex2html_wrap_inline29826:7.33331pt::7.33331pt::15.28857pt.
[772


]
l2hSize :tex2html_wrap_inline29830:7.33331pt::7.33331pt::9.382pt.
[773


]
l2hSize :tex2html_wrap_inline29832:6.95831pt::6.95831pt::9.8254pt.
[774


]
l2hSize :tex2html_wrap_inline30036:8.0pt::8.0pt::32.27785pt.
[775


]
l2hSize :tex2html_wrap_inline30038:6.95831pt::6.95831pt::13.65334pt.
[776


]
l2hSize :tex2html_wrap_inline30040:7.33331pt::7.33331pt::12.69969pt.
[777


]
l2hSize :tex2html_wrap_inline30042:6.95831pt::6.95831pt::13.28458pt.
[778


]
l2hSize :tex2html_wrap_inline30044:7.33331pt::7.33331pt::13.58733pt.
[779


]
l2hSize :tex2html_wrap_inline30046:6.95831pt::6.95831pt::14.17221pt.
[780


]
l2hSize :displaymath30048:91.23323pt::0.0pt::349.0pt.
[781


]
l2hSize :tex2html_wrap_inline30050:6.95831pt::6.95831pt::10.50783pt.
[782


]
l2hSize :tex2html_wrap_inline30052:6.83331pt::0.0pt::11.33337pt.
[783


]
l2hSize :tex2html_wrap_inline30058:7.33331pt::7.33331pt::14.9792pt.
[784


]
l2hSize :tex2html_wrap_inline30060:7.33331pt::7.33331pt::14.75122pt.
[785


]
l2hSize :tex2html_wrap_inline30064:6.95831pt::6.95831pt::9.23848pt.
[786


]
l2hSize :tex2html_wrap_inline30066:6.95831pt::6.95831pt::9.8018pt.
[787


]
l2hSize :tex2html_wrap_inline30068:7.33331pt::7.33331pt::16.60724pt.
[788


]
l2hSize :tex2html_wrap_inline30070:7.33331pt::7.33331pt::12.81718pt.
[789


]
l2hSize :tex2html_wrap_inline30072:7.33331pt::7.33331pt::11.18143pt.
[790


]
l2hSize :tex2html_wrap_inline30085:6.95831pt::6.95831pt::8.27783pt.
[791


]
l2hSize :tex2html_wrap_inline30088:6.88586pt::0.0pt::5.09726pt.
[792


]
l2hSize :tex2html_wrap_inline30092:7.33331pt::7.33331pt::12.6799pt.
[793


]
l2hSize :tex2html_wrap_indisplay30094:8.0pt::8.0pt::175.44365pt.
[794


]
l2hSize :tex2html_wrap_inline30098:6.83331pt::0.0pt::8.36252pt.
[795


]
l2hSize :tex2html_wrap_indisplay30184:15.0001pt::15.0001pt::252.28029pt.
[796


]
l2hSize :tex2html_wrap_inline30186:6.95831pt::6.95831pt::12.36281pt.
[797


]
l2hSize :tex2html_wrap_inline30188:6.95831pt::6.95831pt::11.43166pt.
[798


]
l2hSize :tex2html_wrap_inline30190:7.33331pt::7.33331pt::18.37648pt.
[799


]
l2hSize :tex2html_wrap_inline30192:7.33331pt::7.33331pt::22.50151pt.
[800


]
l2hSize :tex2html_wrap_inline30194:7.33331pt::7.33331pt::23.60149pt.
[801


]
l2hSize :tex2html_wrap_indisplay30198:14.20952pt::14.20952pt::69.54295pt.
[802


]
l2hSize :tex2html_wrap_inline30200:6.83331pt::0.0pt::37.10875pt.
[803


]
l2hSize :tex2html_wrap_inline30202:6.45831pt::0.0pt::7.92828pt.
[804


]
l2hSize :tex2html_wrap_indisplay30204:15.0001pt::15.0001pt::155.59515pt.
[805


]
l2hSize :tex2html_wrap_indisplay30206:14.09839pt::14.09839pt::151.00352pt.
[806


]
l2hSize :tex2html_wrap_inline30210:6.59525pt::0.0pt::3.94516pt.
[807


]
l2hSize :tex2html_wrap_indisplay30212:14.09839pt::14.09839pt::219.98042pt.
[808


]
l2hSize :tex2html_wrap_inline30214:7.33331pt::7.33331pt::9.63487pt.
[809


]
l2hSize :tex2html_wrap_indisplay30216:18.05562pt::18.05562pt::140.15033pt.
[810


]
l2hSize :tex2html_wrap_inline30218:6.83331pt::0.0pt::8.52782pt.
[811


]
l2hSize :displaymath30220:63.32674pt::0.0pt::349.0pt.
[812


]
l2hSize :tex2html_wrap_inline30222:8.0pt::8.0pt::102.22977pt.
[813


]
l2hSize :tex2html_wrap_indisplay30224:9.11111pt::9.11111pt::172.61313pt.
[814


]
l2hSize :tex2html_wrap_indisplay30226:13.70952pt::13.70952pt::223.01384pt.
[815


]
l2hSize :tex2html_wrap_indisplay30228:14.09839pt::14.09839pt::176.40395pt.
[816


]
l2hSize :tex2html_wrap_inline30230:9.11111pt::9.11111pt::14.36118pt.
[817


]
l2hSize :tex2html_wrap_inline30232:9.11111pt::9.11111pt::14.47227pt.
[818


]
l2hSize :tex2html_wrap_inline30234:9.11111pt::9.11111pt::59.99988pt.
[819


]
l2hSize :tex2html_wrap_inline30236:9.11111pt::9.11111pt::59.99988pt.
[820


]
l2hSize :tex2html_wrap_inline30245:7.1428pt::7.1428pt::11.03366pt.
[821


]
l2hSize :tex2html_wrap_inline30247:9.28888pt::9.28888pt::21.1587pt.
[822


]
l2hSize :displaymath30249:46.2668pt::0.0pt::349.0pt.
[823


]
l2hSize :tex2html_wrap_inline30251:6.83331pt::0.0pt::8.17018pt.
[824


]
l2hSize :tex2html_wrap_inline30253:8.0pt::8.0pt::34.28122pt.
[825


]
l2hSize :tex2html_wrap_inline30255:8.64003pt::8.64003pt::38.5567pt.
[826


]
l2hSize :tex2html_wrap_indisplay30275:8.0pt::8.0pt::83.13538pt.
[827


]
l2hSize :tex2html_wrap_inline30291:8.14003pt::0.0pt::11.23618pt.
[828


]
l2hSize :tex2html_wrap_inline30299:6.94444pt::0.0pt::5.47226pt.
[829


]
l2hSize :tex2html_wrap_indisplay30309:6.95831pt::6.95831pt::36.43748pt.
[830


]
l2hSize :tex2html_wrap_indisplay30310:8.0pt::8.0pt::45.8403pt.
[831


]
l2hSize :tex2html_wrap_indisplay30311:8.0pt::8.0pt::50.60416pt.
[832


]
l2hSize :tex2html_wrap_indisplay30315:15.0001pt::15.0001pt::166.04076pt.
[833


]
l2hSize :tex2html_wrap_inline30317:7.33331pt::7.33331pt::15.18872pt.
[834


]
l2hSize :tex2html_wrap_inline30319:6.95831pt::6.95831pt::28.04509pt.
[835


]
l2hSize :tex2html_wrap_inline30320:8.0pt::8.0pt::15.15633pt.
[836


]
l2hSize :tex2html_wrap_indisplay30324:15.0001pt::15.0001pt::166.8039pt.
[837


]
l2hSize :tex2html_wrap_inline30328:7.44444pt::7.44444pt::17.23956pt.
[838


]
l2hSize :tex2html_wrap_indisplay30390:8.0pt::8.0pt::150.06929pt.
[839


]
l2hSize :tex2html_wrap_inline30392:6.95831pt::6.95831pt::8.15688pt.
[840


]
l2hSize :tex2html_wrap_inline30394:8.0pt::8.0pt::27.2281pt.
[841


]
l2hSize :tex2html_wrap_inline30398:6.95831pt::6.95831pt::9.04115pt.
[842


]
l2hSize :tex2html_wrap_inline30400:8.0pt::8.0pt::27.05449pt.
[843


]
l2hSize :displaymath30408:21.69446pt::0.0pt::349.0pt.
[844


]
l2hSize :tex2html_wrap_indisplay30412:26.25119pt::26.25119pt::299.20695pt.
[845


]
l2hSize :tex2html_wrap_indisplay30416:77.05707pt::77.05707pt::301.36034pt.
[846


]
l2hSize :displaymath30420:32.20088pt::0.0pt::349.0pt.
[847


]
l2hSize :tex2html_wrap_indisplay30424:39.00037pt::39.00037pt::337.89177pt.
[848


]
l2hSize :displaymath30430:44.97144pt::0.0pt::349.0pt.
[849


]
l2hSize :tex2html_wrap_indisplay30434:76.97162pt::76.97162pt::356.84828pt.

Overfull \hbox (10.8483pt too wide) in paragraph at lines 5648--5649
[]|[] 
 []

[850


]
l2hSize :tex2html_wrap_indisplay30440:17.33733pt::17.33733pt::151.62901pt.
[851


]
l2hSize :tex2html_wrap_indisplay30442:8.0pt::8.0pt::162.68224pt.
[852


]
l2hSize :tex2html_wrap_indisplay30447:9.87892pt::9.87892pt::15.56375pt.
[853


]
l2hSize :tex2html_wrap_indisplay30449:6.95831pt::6.95831pt::8.27783pt.
[854


]
l2hSize :tex2html_wrap_indisplay30451:18.99287pt::18.99287pt::113.56764pt.
[855


]
l2hSize :tex2html_wrap_indisplay30453:9.14003pt::9.14003pt::20.39597pt.
[856


]
l2hSize :tex2html_wrap_indisplay30457:16.2054pt::16.2054pt::199.68024pt.
[857


]
l2hSize :tex2html_wrap_indisplay30460:7.6428pt::7.6428pt::12.4503pt.
[858


]
l2hSize :tex2html_wrap_indisplay30464:8.0pt::8.0pt::137.39874pt.
[859


]
l2hSize :tex2html_wrap_indisplay30466:7.6428pt::7.6428pt::15.15169pt.
[860


]
l2hSize :tex2html_wrap_indisplay30470:12.00008pt::12.00008pt::212.0892pt.
[861


]
l2hSize :tex2html_wrap_indisplay30472:16.2054pt::16.2054pt::197.38202pt.
[862


]
l2hSize :tex2html_wrap_indisplay30474:14.05754pt::14.05754pt::261.9627pt.
[863


]
l2hSize :tex2html_wrap_inline30476:10.28334pt::10.28334pt::80.4412pt.
[864


]
l2hSize :tex2html_wrap_inline30486:11.81116pt::11.81116pt::77.06693pt.
[865


]
l2hSize :tex2html_wrap_indisplay30488:18.00014pt::18.00014pt::185.70335pt.
[866


]
l2hSize :tex2html_wrap_indisplay30490:8.0pt::8.0pt::167.12665pt.
[867


]
l2hSize :tex2html_wrap_inline30492:9.28888pt::9.28888pt::54.39656pt.
[868


]
l2hSize :tex2html_wrap_indisplay30494:15.00676pt::15.00676pt::188.84607pt.
[869


]
l2hSize :tex2html_wrap_inline30502:6.83331pt::0.0pt::5.68057pt.
[870


]
l2hSize :tex2html_wrap_indisplay30504:8.0pt::8.0pt::320.752pt.
[871


]
l2hSize :tex2html_wrap_inline30508:6.95831pt::6.95831pt::12.60945pt.
[872


]
l2hSize :tex2html_wrap_inline30512:7.33331pt::7.33331pt::15.93756pt.
[873


]
l2hSize :tex2html_wrap_inline30516:8.0pt::8.0pt::22.35481pt.
[874


]
l2hSize :tex2html_wrap_inline30518:8.0pt::8.0pt::24.21384pt.
[875


]
l2hSize :tex2html_wrap_inline30522:8.83727pt::8.83727pt::38.45663pt.
[876


]
l2hSize :tex2html_wrap_inline30524:8.83727pt::8.83727pt::18.57765pt.
[877


]
l2hSize :tex2html_wrap_indisplay30528:9.49002pt::9.49002pt::197.98453pt.
[878


]
l2hSize :tex2html_wrap_inline30530:7.33331pt::7.33331pt::12.59381pt.
[879


]
l2hSize :tex2html_wrap_indisplay30546:18.78339pt::18.78339pt::176.57283pt.
[880


]
l2hSize :tex2html_wrap_inline30548:7.44444pt::7.44444pt::33.45598pt.
[881


]
l2hSize :tex2html_wrap_inline30550:7.09525pt::7.09525pt::13.08006pt.
[882


]
l2hSize :tex2html_wrap_inline30552:6.95831pt::6.95831pt::33.28236pt.
[883


]
l2hSize :tex2html_wrap_inline30554:7.44444pt::7.44444pt::21.96887pt.
[884


]
l2hSize :tex2html_wrap_indisplay30558:8.0pt::8.0pt::69.46301pt.
[885


]
l2hSize :tex2html_wrap_indisplay30559:7.44444pt::7.44444pt::21.96887pt.
[886


]
l2hSize :tex2html_wrap_indisplay30560:8.0pt::8.0pt::96.45827pt.
[887


]
l2hSize :tex2html_wrap_indisplay30561:7.09525pt::7.09525pt::24.1911pt.
[888


]
Overfull \hbox (46.91365pt too wide) detected at line 5889
[]
 []

l2hSize :displaymath30563:33.44313pt::0.0pt::349.0pt.
[889


]
l2hSize :tex2html_wrap_inline30565:8.0pt::8.0pt::39.26793pt.
[890


]
l2hSize :tex2html_wrap_indisplay30567:8.0pt::8.0pt::59.45015pt.
[891


]
l2hSize :tex2html_wrap_indisplay30568:6.95831pt::6.95831pt::40.37892pt.
[892


]
l2hSize :tex2html_wrap_inline30570:8.0pt::8.0pt::37.87903pt.
[893


]
l2hSize :tex2html_wrap_inline30574:8.0pt::8.0pt::66.29579pt.
[894


]
l2hSize :tex2html_wrap_inline30590:6.95831pt::6.95831pt::14.94913pt.
[895


]
l2hSize :tex2html_wrap_inline30592:6.95831pt::6.95831pt::14.06485pt.
[896


]
l2hSize :tex2html_wrap_inline30594:7.44444pt::7.44444pt::14.23846pt.
[897


]
l2hSize :tex2html_wrap_inline30601:7.44444pt::7.44444pt::11.18178pt.
[898


]
l2hSize :tex2html_wrap_inline30605:7.44444pt::7.44444pt::59.46974pt.
[899


]
l2hSize :tex2html_wrap_inline30607:7.44444pt::7.44444pt::32.39809pt.
[900


]
l2hSize :tex2html_wrap_inline30611:6.83331pt::0.0pt::24.01381pt.
[901


]
l2hSize :tex2html_wrap_inline30613:6.83331pt::0.0pt::29.01382pt.
[902


]
l2hSize :tex2html_wrap_inline30618:6.95831pt::6.95831pt::14.95204pt.
[903


]
l2hSize :tex2html_wrap_inline30620:7.33331pt::7.33331pt::40.79216pt.
[904


]
l2hSize :tex2html_wrap_inline30622:7.44444pt::7.44444pt::46.8123pt.
[905


]
File: figures/structure_gotmbio.eps Graphic file (type eps)
<figures/structure_gotmbio.eps>
l2hSize :tex2html_wrap19113:173.14687pt::0.0pt::349.0pt.
[906


]
l2hSize :tex2html_wrap_inline30634:7.33331pt::7.33331pt::23.63759pt.
[907


]
l2hSize :tex2html_wrap_inline30638:6.95831pt::6.95831pt::21.31374pt.
[908


]
l2hSize :tex2html_wrap_inline30640:7.44444pt::7.44444pt::21.48735pt.
[909


]
\openout2 = `bio.aux'.

No file bio.tex.
l2hSize :figure30643:12.0pt::0.0pt::0.0pt.
[910




]
\openout2 = `sediment.aux'.

No file sediment.tex.
l2hSize :figure30645:12.0pt::0.0pt::0.0pt.
[911




]
l2hSize :tex2html_wrap_indisplay30652:8.0pt::8.0pt::167.88289pt.
[912


]
l2hSize :tex2html_wrap_indisplay30654:15.0001pt::15.0001pt::195.00653pt.
[913


]
l2hSize :tex2html_wrap_inline30658:7.33331pt::7.33331pt::12.83133pt.
[914


]
l2hSize :tex2html_wrap_indisplay30660:15.29659pt::15.29659pt::163.67847pt.
[915


]
l2hSize :tex2html_wrap_inline30662:7.33331pt::7.33331pt::24.04178pt.
[916


]
l2hSize :tex2html_wrap_inline30664:7.33331pt::7.33331pt::23.61954pt.
[917


]
l2hSize :tex2html_wrap_indisplay30666:9.14003pt::9.14003pt::87.26257pt.
[918


]
l2hSize :tex2html_wrap_inline30668:6.95831pt::6.95831pt::15.32382pt.
[919


]
l2hSize :tex2html_wrap_inline30728:6.95831pt::6.95831pt::46.01736pt.
[920


]
l2hSize :tex2html_wrap_inline30730:6.45831pt::0.0pt::10.50006pt.
[921


]
l2hSize :tex2html_wrap_inline30744:6.45831pt::0.0pt::42.37268pt.
[922


]
l2hSize :tex2html_wrap_inline30765:8.64003pt::8.64003pt::57.80385pt.
[923


]
l2hSize :tex2html_wrap_inline30769:6.45831pt::0.0pt::10.50006pt.
[924


]
l2hSize :tex2html_wrap_inline30782:7.44444pt::7.44444pt::26.4004pt.
[925


]
l2hSize :tex2html_wrap_inline30798:8.0pt::8.0pt::16.81256pt.
[926


]
l2hSize :tex2html_wrap_inline30831:8.14003pt::0.0pt::60.40266pt.
[927


]
l2hSize :tex2html_wrap_inline30835:6.83331pt::0.0pt::32.95825pt.
[928


]
l2hSize :tex2html_wrap_inline30839:6.95831pt::6.95831pt::51.01738pt.
[929


]
l2hSize :tex2html_wrap_inline30841:6.95831pt::6.95831pt::12.64671pt.
[930


]
l2hSize :tex2html_wrap_inline30852:6.83331pt::0.0pt::32.95825pt.
[931


]
l2hSize :tex2html_wrap_inline30869:6.45831pt::0.0pt::25.2673pt.
[932


]
l2hSize :tex2html_wrap_inline30871:6.45831pt::0.0pt::25.2673pt.
[933


]
l2hSize :tex2html_wrap_inline30887:6.95831pt::6.95831pt::9.9063pt.
[934


]
l2hSize :tex2html_wrap_inline30889:6.95831pt::6.95831pt::9.67831pt.
[935


]
l2hSize :tex2html_wrap_inline30893:7.33331pt::7.33331pt::16.67819pt.
[936


]
l2hSize :tex2html_wrap_inline30895:7.33331pt::7.33331pt::20.6017pt.
[937


]
l2hSize :tex2html_wrap_inline30984:8.99002pt::8.99002pt::50.74774pt.
[938


]
l2hSize :tex2html_wrap_inline30986:7.44444pt::7.44444pt::57.90279pt.
[939


]
l2hSize :tex2html_wrap_inline30990:7.44444pt::7.44444pt::66.20493pt.
[940


]
l2hSize :tex2html_wrap_inline30996:6.88586pt::0.0pt::34.86455pt.
[941


]
l2hSize :tex2html_wrap_inline31020:6.45831pt::0.0pt::12.16669pt.
[942


]
l2hSize :tex2html_wrap_inline31022:6.45831pt::0.0pt::19.94449pt.
[943


]
l2hSize :tex2html_wrap_inline31024:6.45831pt::0.0pt::18.27779pt.
[944


]
l2hSize :tex2html_wrap_inline31026:6.95831pt::6.95831pt::21.98717pt.
[945


]
l2hSize :tex2html_wrap_inline31028:6.83331pt::0.0pt::30.77774pt.
[946


]
l2hSize :tex2html_wrap_inline31071:6.45831pt::0.0pt::5.16321pt.
[947


]
l2hSize :tex2html_wrap_inline31135:6.95831pt::6.95831pt::9.08334pt.
[948


]
l2hSize :tex2html_wrap_inline31141:6.95831pt::6.95831pt::21.05565pt.
[949


]
l2hSize :tex2html_wrap_indisplay31159:8.0pt::8.0pt::127.4441pt.
[950


]
l2hSize :tex2html_wrap_inline31161:6.95831pt::6.95831pt::11.73294pt.
[951


]
l2hSize :tex2html_wrap_indisplay31165:14.09839pt::14.09839pt::108.65135pt.
[952


]
l2hSize :tex2html_wrap_indisplay31177:17.77791pt::17.77791pt::136.88129pt.
[953


]
l2hSize :tex2html_wrap_inline31179:7.33331pt::7.33331pt::12.13338pt.
[954


]
l2hSize :tex2html_wrap_inline31181:8.0pt::8.0pt::74.3949pt.
[955


]
l2hSize :tex2html_wrap_indisplay31185:13.0984pt::13.0984pt::45.6919pt.
[956


]
l2hSize :tex2html_wrap_inline31198:8.49002pt::0.0pt::59.38863pt.
[957


]
l2hSize :tex2html_wrap_inline31200:8.49002pt::0.0pt::56.57095pt.
[958


]
l2hSize :tex2html_wrap_inline31202:8.49002pt::0.0pt::56.57095pt.
[959


]
l2hSize :tex2html_wrap_inline31204:8.49002pt::0.0pt::51.57094pt.
[960


]
l2hSize :tex2html_wrap_inline31217:6.95831pt::6.95831pt::32.72223pt.
[961


]
l2hSize :tex2html_wrap_inline31220:7.1428pt::7.1428pt::46.65746pt.
[962


]
l2hSize :tex2html_wrap_inline31224:7.1428pt::7.1428pt::46.65746pt.
[963


]
l2hSize :tex2html_wrap_inline32142:7.44444pt::7.44444pt::22.30205pt.
[964


] (./images.aux (./bio.aux) (./sediment.aux))

LaTeX Warning: There were multiply-defined labels.

 ) 
Here is how much of TeX's memory you used:
 2657 strings out of 495043
 33298 string characters out of 1181771
 95713 words of memory out of 3000000
 5757 multiletter control sequences out of 15000+50000
 9024 words of font info for 38 fonts, out of 3000000 for 9000
 28 hyphenation exceptions out of 8191
 27i,14n,23p,1803b,195s stack positions out of 5000i,500n,10000p,200000b,50000s

Output written on images.dvi (964 pages, 287540 bytes).
